[2016-05-11 11:58 Europe/London] HTTP request of validation request:POST /cgi-bin/webscr HTTP/1.1
Host: www.sandbox.paypal.com
Accept: */*
Connection: Close
Content-Length: 20
Content-Type: application/x-www-form-urlencoded

 for IPN payload: cmd=_notify-validate
[2016-05-11 11:58 Europe/London] HTTP response of validation request: HTTP/1.1 200 OK
Date: Wed, 11 May 2016 10:58:14 GMT
Server: Apache
X-Frame-Options: SAMEORIGIN
Set-Cookie: c9MWDuvPtT9GIMyPc3jwol1VSlO=J0gf1P7U3gHvcFWW_K9_YEk1JL0V25o5FNQCMTQFVs0LKIVjXIaqI5XV8HGWspphiZOMI4u__4hnfnmRN6psokKgZi7WQBLYsekQalL0ykppScgI-sDZuXgiVAkbhmNtebNszL_WqDpjW_0MLq03YQangYdiTLBfX4TaRQQqlmhx5RL-ElxWtWicQhbp5v9Ir1l8dbBRh9Jv6NSNMy2_0UA1c4IWOvRB3rKD-TJo9jCI0hyLhBECG4gKRSJ1WkpqUaDBDcwJVYg98esMlthNOaBZ2bYZHzAXdyLf93WC2l9FbP46enm5BXeMycfhFXK2QLLSFoHBsE_gHqaIFN_v8tf2ChXo8TwhX7GMLT6r9iAUP3RLqh2VdjNfrABqlM8AX0q8CcQW_sLAtqkjkdumJh1ySPXY2dDs89t7-HXzSnQiEyQronkXa6VXmUG; domain=.paypal.com; path=/; Secure; HttpOnly
Set-Cookie: cookie_check=yes; expires=Sat, 09-May-2026 10:58:14 GMT; domain=.paypal.com; path=/; Secure; HttpOnly
Set-Cookie: navcmd=_notify-validate; domain=.paypal.com; path=/; Secure; HttpOnly
Set-Cookie: navlns=0.0; expires=Fri, 11-May-2018 10:58:14 GMT; domain=.paypal.com; path=/; Secure; HttpOnly
Set-Cookie: Apache=10.72.108.11.1462964294495806; path=/; expires=Fri, 04-May-46 10:58:14 GMT
Vary: Accept-Encoding,User-Agent
Connection: close
HTTP_X_PP_AZ_LOCATOR: sandbox.slc
Paypal-Debug-Id: 7355ef7274ef8
Set-Cookie: X-PP-SILOVER=name%3DSANDBOX3.WEB.1%26silo_version%3D1880%26app%3Dappdispatcher%26TIME%3D1175466839%26HTTP_X_PP_AZ_LOCATOR%3Dsandbox.slc; Expires=Wed, 11 May 2016 11:28:14 GMT; domain=.paypal.com; path=/; Secure; HttpOnly
Set-Cookie: X-PP-SILOVER=; Expires=Thu, 01 Jan 1970 00:00:01 GMT
Strict-Transport-Security: max-age=14400
Transfer-Encoding: chunked
Content-Type: text/html; charset=UTF-8

INVALID
[2016-05-11 11:58 Europe/London] Invalid IPN: cmd=_notify-validate
[2016-05-11 11:59 Europe/London] HTTP request of validation request:POST /cgi-bin/webscr HTTP/1.1
Host: www.sandbox.paypal.com
Accept: */*
Connection: Close
Content-Length: 20
Content-Type: application/x-www-form-urlencoded

 for IPN payload: cmd=_notify-validate
[2016-05-11 11:59 Europe/London] HTTP response of validation request: HTTP/1.1 200 OK
Date: Wed, 11 May 2016 10:59:20 GMT
Server: Apache
X-Frame-Options: SAMEORIGIN
Set-Cookie: c9MWDuvPtT9GIMyPc3jwol1VSlO=SwkCBLHyrQNrpRbCPB4PjKEX60n2pYk8RrK8DDaijjBCYU48lITFVFAqY8z1X7X1viPyRuTWNYucwmBYGJ1hDZ2EHEfP_XWG2tPnYe2JQUj7uY5dN88b8HEjVEPe0JAWAJAMf4H6rPmnhP0OTacTa8OjeS0P66OLrjk52-Mj3FB7qWvHbnh2xC4W2_hITXZMRYIlr4jc8VLmVT-ISfx3c8QWM9HDUFzL3S4WLaZVqvKQ3jrt8yR2jp_6DyEVYW-hWmN_U0nPwai83vVLiXkT3lzjjaiaTkZOmhcWl36xOFM8rNPdOlFe0I6Nef9hNzTnRZUExZDo0GII7OTUrRByIsLq5hpDmaEUUyLPfNgVvj6taA1JPaksX5e87SOyyIFXelNqAJIkPpFtSqiAqSHnyBNkrhoqf3TEJ56b0DO51sxmCAyGUNoTVy1aDrS; domain=.paypal.com; path=/; Secure; HttpOnly
Set-Cookie: cookie_check=yes; expires=Sat, 09-May-2026 10:59:20 GMT; domain=.paypal.com; path=/; Secure; HttpOnly
Set-Cookie: navcmd=_notify-validate; domain=.paypal.com; path=/; Secure; HttpOnly
Set-Cookie: navlns=0.0; expires=Fri, 11-May-2018 10:59:20 GMT; domain=.paypal.com; path=/; Secure; HttpOnly
Set-Cookie: Apache=10.72.108.11.1462964360402702; path=/; expires=Fri, 04-May-46 10:59:20 GMT
Vary: Accept-Encoding,User-Agent
Connection: close
HTTP_X_PP_AZ_LOCATOR: sandbox.slc
Paypal-Debug-Id: 67bf0fe15dc02
Set-Cookie: X-PP-SILOVER=name%3DSANDBOX3.WEB.1%26silo_version%3D1880%26app%3Dappdispatcher%26TIME%3D2282763095%26HTTP_X_PP_AZ_LOCATOR%3Dsandbox.slc; Expires=Wed, 11 May 2016 11:29:20 GMT; domain=.paypal.com; path=/; Secure; HttpOnly
Set-Cookie: X-PP-SILOVER=; Expires=Thu, 01 Jan 1970 00:00:01 GMT
Strict-Transport-Security: max-age=14400
Transfer-Encoding: chunked
Content-Type: text/html; charset=UTF-8

INVALID
[2016-05-11 11:59 Europe/London] Invalid IPN: cmd=_notify-validate
[2016-05-11 11:59 Europe/London] HTTP request of validation request:POST /cgi-bin/webscr HTTP/1.1
Host: www.sandbox.paypal.com
Accept: */*
Connection: Close
Content-Length: 20
Content-Type: application/x-www-form-urlencoded

 for IPN payload: cmd=_notify-validate
[2016-05-11 11:59 Europe/London] HTTP response of validation request: HTTP/1.1 200 OK
Date: Wed, 11 May 2016 10:59:26 GMT
Server: Apache
X-Frame-Options: SAMEORIGIN
Set-Cookie: c9MWDuvPtT9GIMyPc3jwol1VSlO=CqrVjapXAUEQQX8TLAfBWevVbiZdTB1HjbJR2TuYvs_W4Bd3yp3nG1SIwzSZzksQbk1aehJhGZkm49JmjBWT1jrMRnTXQtj0oAdJsg1UAL4iITsnDyoZ_foxviGlFLs33NovwCjEvbV5DtAC5Fs84acOSKUkX8LtZhF7ss2dkLoEgZA8lTe5Yy6dlaS1Kquj0JAglsx0wAHLvhPEY0A4DUApqKVcyeD03v8zTBR4fVyJh87I0KmTxy1TbC_1pk0NirVWJIFLzk76-Mh6H-krhcjHa6W86vCuhNA7w2qZke54HKEagq1T_sGX88JLcsc7ccq-F8lEbocRPIMBfkAVl4EVq5Aj8nhWaTj46a8MHLRUcLW_L3D8J4STHbPnjqLZPpxVhu9li11AEJHAWnoYduEvkwnaXSrSIixjrvSXGiiYU5QqAEHtWL6slf0; domain=.paypal.com; path=/; Secure; HttpOnly
Set-Cookie: cookie_check=yes; expires=Sat, 09-May-2026 10:59:26 GMT; domain=.paypal.com; path=/; Secure; HttpOnly
Set-Cookie: navcmd=_notify-validate; domain=.paypal.com; path=/; Secure; HttpOnly
Set-Cookie: navlns=0.0; expires=Fri, 11-May-2018 10:59:26 GMT; domain=.paypal.com; path=/; Secure; HttpOnly
Set-Cookie: Apache=10.72.108.11.1462964366125528; path=/; expires=Fri, 04-May-46 10:59:26 GMT
Vary: Accept-Encoding,User-Agent
Connection: close
HTTP_X_PP_AZ_LOCATOR: sandbox.slc
Paypal-Debug-Id: eb8ea3451a58d
Set-Cookie: X-PP-SILOVER=name%3DSANDBOX3.WEB.1%26silo_version%3D1880%26app%3Dappdispatcher%26TIME%3D2383426391%26HTTP_X_PP_AZ_LOCATOR%3Dsandbox.slc; Expires=Wed, 11 May 2016 11:29:26 GMT; domain=.paypal.com; path=/; Secure; HttpOnly
Set-Cookie: X-PP-SILOVER=; Expires=Thu, 01 Jan 1970 00:00:01 GMT
Strict-Transport-Security: max-age=14400
Transfer-Encoding: chunked
Content-Type: text/html; charset=UTF-8

INVALID
[2016-05-11 11:59 Europe/London] Invalid IPN: cmd=_notify-validate
[2016-05-11 12:00 Europe/London] HTTP request of validation request:POST /cgi-bin/webscr HTTP/1.1
Host: www.sandbox.paypal.com
Accept: */*
Connection: Close
Content-Length: 20
Content-Type: application/x-www-form-urlencoded

 for IPN payload: cmd=_notify-validate
[2016-05-11 12:00 Europe/London] HTTP response of validation request: HTTP/1.1 200 OK
Date: Wed, 11 May 2016 11:00:47 GMT
Server: Apache
X-Frame-Options: SAMEORIGIN
Set-Cookie: c9MWDuvPtT9GIMyPc3jwol1VSlO=DWGKsg-fnQt00x_AY9p4R7uFVXxMC5K_4HkX28fTLBVqGJliR0SatsiTNL966MTVIuTDfYC_wFa70kCPRwhvAf2xStpxzGMx_RKcBy5H0Q2khOGkGggCg6IfimSfVHyf4Dy3KPEcBnmUlEFC2WRZyddXPBO0tCPGDrVBxWfQID06Mw4acyTFiiKjFsj_hdzLknLhIvJisWt1E2rqwfTjez2hSS7L-PGo_XElLXC4fGtzd6DHhp8aXqqMx1i5SlYiBFAeGvembXA_4rddiNVgHPCnkdTiDY8fsfuQYBR2usxIx32T0mSRNYY3NezHr3NwMipQg2LXmIJeaYLm0ykcznYGg1BQHJJlp5Siw1Eux58JGfJ4m_Ao17i72x3UEt4-ZW6yHBVq-17u3gTBylsdH1htE_v5Ogq88fRPhiTEw3ex63JPognRkPsWnF8; domain=.paypal.com; path=/; Secure; HttpOnly
Set-Cookie: cookie_check=yes; expires=Sat, 09-May-2026 11:00:47 GMT; domain=.paypal.com; path=/; Secure; HttpOnly
Set-Cookie: navcmd=_notify-validate; domain=.paypal.com; path=/; Secure; HttpOnly
Set-Cookie: navlns=0.0; expires=Fri, 11-May-2018 11:00:47 GMT; domain=.paypal.com; path=/; Secure; HttpOnly
Set-Cookie: Apache=10.72.108.11.1462964447650140; path=/; expires=Fri, 04-May-46 11:00:47 GMT
Vary: Accept-Encoding,User-Agent
Connection: close
HTTP_X_PP_AZ_LOCATOR: sandbox.slc
Paypal-Debug-Id: d99a5f69a84e
Set-Cookie: X-PP-SILOVER=name%3DSANDBOX3.WEB.1%26silo_version%3D1880%26app%3Dappdispatcher%26TIME%3D3742380887%26HTTP_X_PP_AZ_LOCATOR%3Dsandbox.slc; Expires=Wed, 11 May 2016 11:30:48 GMT; domain=.paypal.com; path=/; Secure; HttpOnly
Set-Cookie: X-PP-SILOVER=; Expires=Thu, 01 Jan 1970 00:00:01 GMT
Strict-Transport-Security: max-age=14400
Transfer-Encoding: chunked
Content-Type: text/html; charset=UTF-8

INVALID
[2016-05-11 12:00 Europe/London] Invalid IPN: cmd=_notify-validate
[2016-05-11 12:01 Europe/London] HTTP request of validation request:POST /cgi-bin/webscr HTTP/1.1
Host: www.sandbox.paypal.com
Accept: */*
Connection: Close
Content-Length: 20
Content-Type: application/x-www-form-urlencoded

 for IPN payload: cmd=_notify-validate
[2016-05-11 12:01 Europe/London] HTTP response of validation request: HTTP/1.1 200 OK
Date: Wed, 11 May 2016 11:01:19 GMT
Server: Apache
X-Frame-Options: SAMEORIGIN
Set-Cookie: c9MWDuvPtT9GIMyPc3jwol1VSlO=062cpPLZCrQ58YXxsM4UojzrPL0s9fumD-CJlrPmvnx93G9abM4eCf-8vriHjJ6pRHXGSKlMwQqMs5IUIbTPQDhG-hvFl04HXs1AHcmWU9eCR7iFyZ2JYoAA03Nh4ft9Lu5nFfaGj7EubHaBPufEEMFsh9kqxcI9eSf_C3zFCC_bvDaMgjSsjColqfvip-Y224fkv1QOfbZlJWfxcm8mOh393LLOZnRmG8zINzNk_eCoICgN9wbF1K_-UX_4_PL64Sj6ciI_9OtSklgvFjfQUwbWm1v5XZgHs2MafmG_fitH38rqbkr3UDubXS1etEXBKKC9HJhi71f773iJu0VD4zNck2x2dyA1mDkOmf-mtR6TDqctYg_HG3sLZHsxAwjPq1qW9dNgw2xZzjikFTfSIZ1Q4favwJVfjyU58mtBPnRl0KD_pnv2vAn0U3m; domain=.paypal.com; path=/; Secure; HttpOnly
Set-Cookie: cookie_check=yes; expires=Sat, 09-May-2026 11:01:20 GMT; domain=.paypal.com; path=/; Secure; HttpOnly
Set-Cookie: navcmd=_notify-validate; domain=.paypal.com; path=/; Secure; HttpOnly
Set-Cookie: navlns=0.0; expires=Fri, 11-May-2018 11:01:20 GMT; domain=.paypal.com; path=/; Secure; HttpOnly
Set-Cookie: Apache=10.72.108.11.1462964479907504; path=/; expires=Fri, 04-May-46 11:01:19 GMT
Vary: Accept-Encoding,User-Agent
Connection: close
HTTP_X_PP_AZ_LOCATOR: sandbox.slc
Paypal-Debug-Id: dc4ad574d90e3
Set-Cookie: X-PP-SILOVER=name%3DSANDBOX3.WEB.1%26silo_version%3D1880%26app%3Dappdispatcher%26TIME%3D4279251799%26HTTP_X_PP_AZ_LOCATOR%3Dsandbox.slc; Expires=Wed, 11 May 2016 11:31:20 GMT; domain=.paypal.com; path=/; Secure; HttpOnly
Set-Cookie: X-PP-SILOVER=; Expires=Thu, 01 Jan 1970 00:00:01 GMT
Strict-Transport-Security: max-age=14400
Transfer-Encoding: chunked
Content-Type: text/html; charset=UTF-8

INVALID
[2016-05-11 12:01 Europe/London] Invalid IPN: cmd=_notify-validate
[2016-05-11 12:04 Europe/London] HTTP request of validation request:POST /cgi-bin/webscr HTTP/1.1
Host: www.sandbox.paypal.com
Accept: */*
Connection: Close
Content-Length: 20
Content-Type: application/x-www-form-urlencoded

 for IPN payload: cmd=_notify-validate
[2016-05-11 12:04 Europe/London] HTTP response of validation request: HTTP/1.1 200 OK
Date: Wed, 11 May 2016 11:04:30 GMT
Server: Apache
X-Frame-Options: SAMEORIGIN
Set-Cookie: c9MWDuvPtT9GIMyPc3jwol1VSlO=k2OlXdR89duN-Gg7MPKckqkkzf7a5-02nFJz1hoV5wDuu08l7HCoB1LPIj8nlGdyVi5kSoDAM9I0YXzGqw0KbxYUv4JuQGDjOvedC787ozNuglTiMf2o_sod9CNI7JcJ4uXQ32b-7qPc0uULDAbSJC6vANxVgTzlLDV0vVl17xDwTqDXfuNrZ7NXpzm6lNjWskpJFAtff1KNvABusvs3DZoWN3TbTHu-KB-bnDa4T9Rzz-GcTF6QElf0uJ395chUwbYVXMWjGDpIWEBt7tmntxoiaiJVQbaC7ahrp0qGtRqD7hNLUvzIDUcFeH-MiLQVunSUPM-oNMf6k7bSnaNs341ud2nxjupTJPVOiyjOEnUFYP_2yxS9vpvhy-fE2Ud4pcNMq1U4xWmVZ-bSqyuWG-lrFQig0rs6uW_6k0Wpm-OLmLz3y6X6BF0CbMG; domain=.paypal.com; path=/; Secure; HttpOnly
Set-Cookie: cookie_check=yes; expires=Sat, 09-May-2026 11:04:30 GMT; domain=.paypal.com; path=/; Secure; HttpOnly
Set-Cookie: navcmd=_notify-validate; domain=.paypal.com; path=/; Secure; HttpOnly
Set-Cookie: navlns=0.0; expires=Fri, 11-May-2018 11:04:30 GMT; domain=.paypal.com; path=/; Secure; HttpOnly
Set-Cookie: Apache=10.72.108.11.1462964670162339; path=/; expires=Fri, 04-May-46 11:04:30 GMT
Vary: Accept-Encoding,User-Agent
Connection: close
HTTP_X_PP_AZ_LOCATOR: sandbox.slc
Paypal-Debug-Id: 7cd1b7d623a43
Set-Cookie: X-PP-SILOVER=name%3DSANDBOX3.WEB.1%26silo_version%3D1880%26app%3Dappdispatcher%26TIME%3D3188798295%26HTTP_X_PP_AZ_LOCATOR%3Dsandbox.slc; Expires=Wed, 11 May 2016 11:34:30 GMT; domain=.paypal.com; path=/; Secure; HttpOnly
Set-Cookie: X-PP-SILOVER=; Expires=Thu, 01 Jan 1970 00:00:01 GMT
Strict-Transport-Security: max-age=14400
Transfer-Encoding: chunked
Content-Type: text/html; charset=UTF-8

INVALID
[2016-05-11 12:04 Europe/London] Invalid IPN: cmd=_notify-validate
[2016-05-11 12:51 Europe/London] HTTP request of validation request:POST /cgi-bin/webscr HTTP/1.1
Host: www.sandbox.paypal.com
Accept: */*
Connection: Close
Content-Length: 20
Content-Type: application/x-www-form-urlencoded

 for IPN payload: cmd=_notify-validate
[2016-05-11 12:51 Europe/London] HTTP response of validation request: HTTP/1.1 200 OK
Date: Wed, 11 May 2016 11:51:49 GMT
Server: Apache
X-Frame-Options: SAMEORIGIN
Set-Cookie: c9MWDuvPtT9GIMyPc3jwol1VSlO=fB-x2iz1zSjaS7cgUP7whEZdxUnLiGgJyUDgEgfXYW_MNxk7ScBqA5yGHd79YVKkt0DoIFK5Xq0OmZ9aRujfUN500hYKlpoS9NrSgGLMX-S-1O5hdfZLv1ysdCRPv31d_Rl1xvTVoTzXrZ--5-v0UvQzcMqMln6CgA_6eSZuw1UYb8foKG5OhJY5zfi5oaBjyALQ8hdYv3Tkvrqfk7Nb231nJGBvDPoFlEWE4fxIXLXb2tOUIn5AmV7icSuPbip1-SM-stCbsxiZJPU-03ibMhzRwSIUHLN7s9lih4HZQxeXEIwqK0rkUypz8pDM5UPOlAK_hMTFdiSdUyYezI4YT2theZfOSeNwrtWeuawbHFkyNV_CiW0utg4SUkvtqCEBWs6xZcLG8bjg0BOxsC1PMxfBaeRddWvycWGgXQt-RlaR4gZ2Km5OW1G76aO; domain=.paypal.com; path=/; Secure; HttpOnly
Set-Cookie: cookie_check=yes; expires=Sat, 09-May-2026 11:51:50 GMT; domain=.paypal.com; path=/; Secure; HttpOnly
Set-Cookie: navcmd=_notify-validate; domain=.paypal.com; path=/; Secure; HttpOnly
Set-Cookie: navlns=0.0; expires=Fri, 11-May-2018 11:51:50 GMT; domain=.paypal.com; path=/; Secure; HttpOnly
Set-Cookie: Apache=10.72.108.11.1462967509809659; path=/; expires=Fri, 04-May-46 11:51:49 GMT
Vary: Accept-Encoding,User-Agent
Connection: close
HTTP_X_PP_AZ_LOCATOR: sandbox.slc
Paypal-Debug-Id: e11143c2c13a0
Set-Cookie: X-PP-SILOVER=name%3DSANDBOX3.WEB.1%26silo_version%3D1880%26app%3Dappdispatcher%26TIME%3D3575395159%26HTTP_X_PP_AZ_LOCATOR%3Dsandbox.slc; Expires=Wed, 11 May 2016 12:21:50 GMT; domain=.paypal.com; path=/; Secure; HttpOnly
Set-Cookie: X-PP-SILOVER=; Expires=Thu, 01 Jan 1970 00:00:01 GMT
Strict-Transport-Security: max-age=14400
Transfer-Encoding: chunked
Content-Type: text/html; charset=UTF-8

INVALID
[2016-05-11 12:51 Europe/London] Invalid IPN: cmd=_notify-validate
[2016-05-11 12:58 Europe/London] HTTP request of validation request:POST /cgi-bin/webscr HTTP/1.1
Host: www.sandbox.paypal.com
Accept: */*
Connection: Close
Content-Length: 1039
Content-Type: application/x-www-form-urlencoded
Expect: 100-continue

 for IPN payload: cmd=_notify-validate&mc_gross=500.00&custom=some+custom+data&address_status=confirmed&item_number1=6&item_number2=4&payer_id=FW5W7ZUC3T4KL&tax=0.00&address_street=1234+Rock+Road&payment_date=14%3A55+15+Jan+07+2005+PST&payment_status=Completed&address_zip=12345&mc_shipping=0.00&mc_handling=0.00&first_name=Jason&last_name=Anderson&mc_fee=0.02&address_name=Jason+Anderson&notify_version=1.6&payer_status=verified&business=paypal%40emailaddress.com&address_country=United+States&num_cart_items=2&mc_handling1=0.00&mc_handling2=0.00&address_city=Los+Angeles&verify_sign=AlUbUcinRR5pIo2KwP4xjo9OxxHMAi6.s6AES.4Z6C65yv1Ob2eNqrHm&mc_shipping1=0.00&mc_shipping2=0.00&tax1=0.00&tax2=0.00&txn_id=TESTER&payment_type=instant&last_name%3DBorduin=&payer_email=test%40domain.com&item_name1=Rubber%2Bclog&address_state=CA&payment_fee=0.02&item_name2=Roman+sandal&invoice=123456&quantity=1&quantity1=1&receiver_id=5HRS8SCK9NSJ2&quantity2=1&txn_type=web_accept&mc_gross_1=0.01&mc_currency=USD&mc_gross_2=0.01&payment_gross=0.02&subscr_id=PP-1234&test=test
[2016-05-11 12:58 Europe/London] HTTP response of validation request: HTTP/1.1 100 Continue

HTTP/1.1 200 OK
Date: Wed, 11 May 2016 11:58:22 GMT
Server: Apache
X-Frame-Options: SAMEORIGIN
Set-Cookie: c9MWDuvPtT9GIMyPc3jwol1VSlO=DLx0xOMgn3bMd6_8uMN3e5sNbW8ngsSUCg9FTk5HFZoq_DU-shzqosU8NGDJIAQHRAF_VbCP9h2CFNb96bbBtS6GB2cmyi8PmczNztw5FaN4TAYEKcKBIuq50sl_64ngVAPtLqehp6k_DdHn-w7xK7US_rFh2bOEgMugcyefdW4jXDzs0JNQ8xXZp8U3gnIXbe5wri2mhCeTszfHK0ThzW0T7ceTGkXBUEf1I_bZ9y5a7Zcf8G_sMeS9cA567lbxNOAP9HWqj8rpIMp-H9I0KCiJpzvCPWYr_Kb0S3EjlyXkda4deLe1T4P4tFfwW7xMXb6IuuMpcskUKtRcvTD5qMJDBuwZ_sGpIlCvhUcdB50mcVeSrsLJbGoTqFaE47FEwszkA_YTt7K8iSTm5PBNydfPNjFG4typQqarjFrcGEPiQS931eWj3fYZUOy; domain=.paypal.com; path=/; Secure; HttpOnly
Set-Cookie: cookie_check=yes; expires=Sat, 09-May-2026 11:58:22 GMT; domain=.paypal.com; path=/; Secure; HttpOnly
Set-Cookie: navcmd=_notify-validate; domain=.paypal.com; path=/; Secure; HttpOnly
Set-Cookie: navlns=0.0; expires=Fri, 11-May-2018 11:58:22 GMT; domain=.paypal.com; path=/; Secure; HttpOnly
Set-Cookie: Apache=10.72.108.11.1462967902675396; path=/; expires=Fri, 04-May-46 11:58:22 GMT
Vary: Accept-Encoding,User-Agent
Connection: close
HTTP_X_PP_AZ_LOCATOR: sandbox.slc
Paypal-Debug-Id: 63a33cb4a0ff8
Set-Cookie: X-PP-SILOVER=name%3DSANDBOX3.WEB.1%26silo_version%3D1880%26app%3Dappdispatcher%26TIME%3D1579037527%26HTTP_X_PP_AZ_LOCATOR%3Dsandbox.slc; Expires=Wed, 11 May 2016 12:28:23 GMT; domain=.paypal.com; path=/; Secure; HttpOnly
Set-Cookie: X-PP-SILOVER=; Expires=Thu, 01 Jan 1970 00:00:01 GMT
Strict-Transport-Security: max-age=14400
Transfer-Encoding: chunked
Content-Type: text/html; charset=UTF-8

INVALID
[2016-05-11 12:58 Europe/London] Invalid IPN: cmd=_notify-validate&mc_gross=500.00&custom=some+custom+data&address_status=confirmed&item_number1=6&item_number2=4&payer_id=FW5W7ZUC3T4KL&tax=0.00&address_street=1234+Rock+Road&payment_date=14%3A55+15+Jan+07+2005+PST&payment_status=Completed&address_zip=12345&mc_shipping=0.00&mc_handling=0.00&first_name=Jason&last_name=Anderson&mc_fee=0.02&address_name=Jason+Anderson&notify_version=1.6&payer_status=verified&business=paypal%40emailaddress.com&address_country=United+States&num_cart_items=2&mc_handling1=0.00&mc_handling2=0.00&address_city=Los+Angeles&verify_sign=AlUbUcinRR5pIo2KwP4xjo9OxxHMAi6.s6AES.4Z6C65yv1Ob2eNqrHm&mc_shipping1=0.00&mc_shipping2=0.00&tax1=0.00&tax2=0.00&txn_id=TESTER&payment_type=instant&last_name%3DBorduin=&payer_email=test%40domain.com&item_name1=Rubber%2Bclog&address_state=CA&payment_fee=0.02&item_name2=Roman+sandal&invoice=123456&quantity=1&quantity1=1&receiver_id=5HRS8SCK9NSJ2&quantity2=1&txn_type=web_accept&mc_gross_1=0.01&mc_currency=USD&mc_gross_2=0.01&payment_gross=0.02&subscr_id=PP-1234&test=test
