ERROR - 2016-08-30 07:41:56 --> 404 Page Not Found: Undefined/index
ERROR - 2016-08-30 07:41:57 --> 404 Page Not Found: Undefined/index
ERROR - 2016-08-30 07:41:57 --> 404 Page Not Found: Undefined/index
ERROR - 2016-08-30 07:41:57 --> 404 Page Not Found: Undefined/index
ERROR - 2016-08-30 07:41:57 --> 404 Page Not Found: Undefined/index
ERROR - 2016-08-30 07:43:19 --> 404 Page Not Found: Undefined/index
ERROR - 2016-08-30 14:33:02 --> Severity: Warning --> mysqli::real_connect(): php_network_getaddresses: getaddrinfo failed: Name or service not known /var/www/vhosts/cg/htdocs/bsw2/system/database/drivers/mysqli/mysqli_driver.php 202
ERROR - 2016-08-30 14:33:02 --> Severity: Warning --> mysqli::real_connect(): (HY000/2002): php_network_getaddresses: getaddrinfo failed: Name or service not known /var/www/vhosts/cg/htdocs/bsw2/system/database/drivers/mysqli/mysqli_driver.php 202
ERROR - 2016-08-30 14:33:02 --> Unable to connect to the database
ERROR - 2016-08-30 14:34:04 --> Severity: Warning --> mysqli::real_connect(): php_network_getaddresses: getaddrinfo failed: Name or service not known /var/www/vhosts/cg/htdocs/bsw2/system/database/drivers/mysqli/mysqli_driver.php 202
ERROR - 2016-08-30 14:34:04 --> Severity: Warning --> mysqli::real_connect(): (HY000/2002): php_network_getaddresses: getaddrinfo failed: Name or service not known /var/www/vhosts/cg/htdocs/bsw2/system/database/drivers/mysqli/mysqli_driver.php 202
ERROR - 2016-08-30 14:34:04 --> Unable to connect to the database
ERROR - 2016-08-30 14:46:45 --> 404 Page Not Found: Undefined/index
ERROR - 2016-08-30 14:46:45 --> 404 Page Not Found: Undefined/index
ERROR - 2016-08-30 14:46:45 --> 404 Page Not Found: Undefined/index
ERROR - 2016-08-30 14:46:45 --> 404 Page Not Found: Undefined/index
ERROR - 2016-08-30 14:46:45 --> 404 Page Not Found: Undefined/index
ERROR - 2016-08-30 14:46:45 --> 404 Page Not Found: Undefined/index
ERROR - 2016-08-30 14:46:45 --> 404 Page Not Found: Undefined/index
ERROR - 2016-08-30 14:46:45 --> 404 Page Not Found: Undefined/index
ERROR - 2016-08-30 14:46:45 --> 404 Page Not Found: Undefined/index
ERROR - 2016-08-30 14:46:45 --> 404 Page Not Found: Undefined/index
ERROR - 2016-08-30 14:46:45 --> 404 Page Not Found: Undefined/index
ERROR - 2016-08-30 14:46:45 --> 404 Page Not Found: Undefined/index
ERROR - 2016-08-30 14:46:46 --> 404 Page Not Found: Undefined/index
ERROR - 2016-08-30 14:46:46 --> 404 Page Not Found: Undefined/index
ERROR - 2016-08-30 14:46:46 --> 404 Page Not Found: Undefined/index
ERROR - 2016-08-30 14:46:46 --> 404 Page Not Found: Undefined/index
ERROR - 2016-08-30 14:46:46 --> 404 Page Not Found: Undefined/index
ERROR - 2016-08-30 14:46:46 --> 404 Page Not Found: Undefined/index
ERROR - 2016-08-30 14:46:46 --> 404 Page Not Found: Undefined/index
ERROR - 2016-08-30 14:46:46 --> 404 Page Not Found: Undefined/index
ERROR - 2016-08-30 14:46:46 --> 404 Page Not Found: Undefined/index
ERROR - 2016-08-30 14:46:46 --> 404 Page Not Found: Undefined/index
ERROR - 2016-08-30 14:46:46 --> 404 Page Not Found: Undefined/index
ERROR - 2016-08-30 14:46:46 --> 404 Page Not Found: Undefined/index
ERROR - 2016-08-30 14:46:46 --> 404 Page Not Found: Undefined/index
ERROR - 2016-08-30 14:46:46 --> 404 Page Not Found: Undefined/index
ERROR - 2016-08-30 14:46:46 --> 404 Page Not Found: Undefined/index
ERROR - 2016-08-30 14:46:46 --> 404 Page Not Found: Undefined/index
ERROR - 2016-08-30 14:46:46 --> 404 Page Not Found: Undefined/index
ERROR - 2016-08-30 14:46:47 --> 404 Page Not Found: Undefined/index
ERROR - 2016-08-30 14:46:47 --> 404 Page Not Found: Undefined/index
ERROR - 2016-08-30 14:46:47 --> 404 Page Not Found: Undefined/index
ERROR - 2016-08-30 14:46:47 --> 404 Page Not Found: Undefined/index
ERROR - 2016-08-30 14:46:47 --> 404 Page Not Found: Undefined/index
ERROR - 2016-08-30 14:46:47 --> 404 Page Not Found: Undefined/index
ERROR - 2016-08-30 14:46:47 --> 404 Page Not Found: Undefined/index
ERROR - 2016-08-30 14:46:47 --> 404 Page Not Found: Undefined/index
ERROR - 2016-08-30 14:46:47 --> 404 Page Not Found: Undefined/index
ERROR - 2016-08-30 14:46:47 --> 404 Page Not Found: Undefined/index
ERROR - 2016-08-30 14:46:47 --> 404 Page Not Found: Undefined/index
ERROR - 2016-08-30 14:46:47 --> 404 Page Not Found: Undefined/index
ERROR - 2016-08-30 14:46:47 --> 404 Page Not Found: Undefined/index
ERROR - 2016-08-30 14:46:47 --> 404 Page Not Found: Undefined/index
ERROR - 2016-08-30 14:46:47 --> 404 Page Not Found: Undefined/index
ERROR - 2016-08-30 14:46:47 --> 404 Page Not Found: Undefined/index
ERROR - 2016-08-30 14:46:48 --> 404 Page Not Found: Undefined/index
ERROR - 2016-08-30 14:46:48 --> 404 Page Not Found: Undefined/index
ERROR - 2016-08-30 14:46:48 --> 404 Page Not Found: Undefined/index
ERROR - 2016-08-30 14:46:48 --> 404 Page Not Found: Undefined/index
ERROR - 2016-08-30 14:46:48 --> 404 Page Not Found: Undefined/index
ERROR - 2016-08-30 14:46:48 --> 404 Page Not Found: Undefined/index
ERROR - 2016-08-30 14:46:48 --> 404 Page Not Found: Undefined/index
ERROR - 2016-08-30 14:46:48 --> 404 Page Not Found: Undefined/index
ERROR - 2016-08-30 14:46:48 --> 404 Page Not Found: Undefined/index
ERROR - 2016-08-30 14:46:48 --> 404 Page Not Found: Undefined/index
ERROR - 2016-08-30 14:46:48 --> 404 Page Not Found: Undefined/index
ERROR - 2016-08-30 14:46:48 --> 404 Page Not Found: Undefined/index
ERROR - 2016-08-30 14:46:48 --> 404 Page Not Found: Undefined/index
ERROR - 2016-08-30 14:46:48 --> 404 Page Not Found: Undefined/index
ERROR - 2016-08-30 14:46:48 --> 404 Page Not Found: Undefined/index
ERROR - 2016-08-30 14:46:48 --> 404 Page Not Found: Undefined/index
ERROR - 2016-08-30 14:46:49 --> 404 Page Not Found: Undefined/index
ERROR - 2016-08-30 14:46:49 --> 404 Page Not Found: Undefined/index
ERROR - 2016-08-30 14:46:49 --> 404 Page Not Found: Undefined/index
ERROR - 2016-08-30 14:46:49 --> 404 Page Not Found: Undefined/index
ERROR - 2016-08-30 14:46:49 --> 404 Page Not Found: Undefined/index
ERROR - 2016-08-30 14:46:49 --> 404 Page Not Found: Undefined/index
ERROR - 2016-08-30 14:46:49 --> 404 Page Not Found: Undefined/index
ERROR - 2016-08-30 14:46:49 --> 404 Page Not Found: Undefined/index
ERROR - 2016-08-30 14:46:49 --> 404 Page Not Found: Undefined/index
ERROR - 2016-08-30 14:46:49 --> 404 Page Not Found: Undefined/index
ERROR - 2016-08-30 14:46:49 --> 404 Page Not Found: Undefined/index
ERROR - 2016-08-30 14:46:49 --> 404 Page Not Found: Undefined/index
ERROR - 2016-08-30 14:46:49 --> 404 Page Not Found: Undefined/index
ERROR - 2016-08-30 14:46:49 --> 404 Page Not Found: Undefined/index
ERROR - 2016-08-30 14:46:49 --> 404 Page Not Found: Undefined/index
ERROR - 2016-08-30 14:46:49 --> 404 Page Not Found: Undefined/index
ERROR - 2016-08-30 14:46:49 --> 404 Page Not Found: Undefined/index
ERROR - 2016-08-30 14:46:49 --> 404 Page Not Found: Undefined/index
ERROR - 2016-08-30 14:46:49 --> 404 Page Not Found: Undefined/index
ERROR - 2016-08-30 14:46:50 --> 404 Page Not Found: Undefined/index
ERROR - 2016-08-30 14:46:50 --> 404 Page Not Found: Undefined/index
ERROR - 2016-08-30 14:46:50 --> 404 Page Not Found: Undefined/index
ERROR - 2016-08-30 14:46:50 --> 404 Page Not Found: Undefined/index
ERROR - 2016-08-30 14:46:50 --> 404 Page Not Found: Undefined/index
ERROR - 2016-08-30 14:46:50 --> 404 Page Not Found: Undefined/index
ERROR - 2016-08-30 14:46:50 --> 404 Page Not Found: Undefined/index
ERROR - 2016-08-30 14:46:50 --> 404 Page Not Found: Undefined/index
ERROR - 2016-08-30 14:46:50 --> 404 Page Not Found: Undefined/index
ERROR - 2016-08-30 14:46:50 --> 404 Page Not Found: Undefined/index
ERROR - 2016-08-30 14:46:50 --> 404 Page Not Found: Undefined/index
ERROR - 2016-08-30 14:46:50 --> 404 Page Not Found: Undefined/index
ERROR - 2016-08-30 14:46:50 --> 404 Page Not Found: Undefined/index
ERROR - 2016-08-30 14:46:50 --> 404 Page Not Found: Undefined/index
ERROR - 2016-08-30 14:46:50 --> 404 Page Not Found: Undefined/index
ERROR - 2016-08-30 14:46:50 --> 404 Page Not Found: Undefined/index
ERROR - 2016-08-30 14:46:50 --> 404 Page Not Found: Undefined/index
ERROR - 2016-08-30 14:46:50 --> 404 Page Not Found: Undefined/index
ERROR - 2016-08-30 14:46:50 --> 404 Page Not Found: Undefined/index
ERROR - 2016-08-30 14:46:50 --> 404 Page Not Found: Undefined/index
ERROR - 2016-08-30 14:46:51 --> 404 Page Not Found: Undefined/index
ERROR - 2016-08-30 14:46:51 --> 404 Page Not Found: Undefined/index
ERROR - 2016-08-30 14:46:51 --> 404 Page Not Found: Undefined/index
ERROR - 2016-08-30 14:46:51 --> 404 Page Not Found: Undefined/index
ERROR - 2016-08-30 14:46:51 --> 404 Page Not Found: Undefined/index
ERROR - 2016-08-30 14:46:51 --> 404 Page Not Found: Undefined/index
ERROR - 2016-08-30 14:46:51 --> 404 Page Not Found: Undefined/index
ERROR - 2016-08-30 14:46:51 --> 404 Page Not Found: Undefined/index
ERROR - 2016-08-30 14:46:51 --> 404 Page Not Found: Undefined/index
ERROR - 2016-08-30 14:46:51 --> 404 Page Not Found: Undefined/index
ERROR - 2016-08-30 14:46:51 --> 404 Page Not Found: Undefined/index
ERROR - 2016-08-30 14:46:51 --> 404 Page Not Found: Undefined/index
ERROR - 2016-08-30 14:46:51 --> 404 Page Not Found: Undefined/index
ERROR - 2016-08-30 14:46:51 --> 404 Page Not Found: Undefined/index
ERROR - 2016-08-30 14:46:51 --> 404 Page Not Found: Undefined/index
ERROR - 2016-08-30 14:46:51 --> 404 Page Not Found: Undefined/index
ERROR - 2016-08-30 14:46:51 --> 404 Page Not Found: Undefined/index
ERROR - 2016-08-30 14:46:51 --> 404 Page Not Found: Undefined/index
ERROR - 2016-08-30 14:46:51 --> 404 Page Not Found: Undefined/index
ERROR - 2016-08-30 14:46:51 --> 404 Page Not Found: Undefined/index
ERROR - 2016-08-30 14:46:51 --> 404 Page Not Found: Undefined/index
ERROR - 2016-08-30 14:46:52 --> 404 Page Not Found: Undefined/index
ERROR - 2016-08-30 14:46:52 --> 404 Page Not Found: Undefined/index
ERROR - 2016-08-30 14:46:52 --> 404 Page Not Found: Undefined/index
ERROR - 2016-08-30 14:46:52 --> 404 Page Not Found: Undefined/index
ERROR - 2016-08-30 14:46:52 --> 404 Page Not Found: Undefined/index
ERROR - 2016-08-30 14:46:52 --> 404 Page Not Found: Undefined/index
ERROR - 2016-08-30 14:46:52 --> 404 Page Not Found: Undefined/index
ERROR - 2016-08-30 14:46:52 --> 404 Page Not Found: Undefined/index
ERROR - 2016-08-30 14:46:52 --> 404 Page Not Found: Undefined/index
ERROR - 2016-08-30 14:46:52 --> 404 Page Not Found: Undefined/index
ERROR - 2016-08-30 14:46:52 --> 404 Page Not Found: Undefined/index
ERROR - 2016-08-30 14:46:52 --> 404 Page Not Found: Undefined/index
ERROR - 2016-08-30 14:46:52 --> 404 Page Not Found: Undefined/index
ERROR - 2016-08-30 14:46:52 --> 404 Page Not Found: Undefined/index
ERROR - 2016-08-30 14:46:52 --> 404 Page Not Found: Undefined/index
ERROR - 2016-08-30 14:46:52 --> 404 Page Not Found: Undefined/index
ERROR - 2016-08-30 14:46:52 --> 404 Page Not Found: Undefined/index
ERROR - 2016-08-30 14:46:53 --> 404 Page Not Found: Undefined/index
ERROR - 2016-08-30 14:46:53 --> 404 Page Not Found: Undefined/index
ERROR - 2016-08-30 14:46:53 --> 404 Page Not Found: Undefined/index
ERROR - 2016-08-30 14:46:53 --> 404 Page Not Found: Undefined/index
ERROR - 2016-08-30 14:46:53 --> 404 Page Not Found: Undefined/index
ERROR - 2016-08-30 14:46:53 --> 404 Page Not Found: Undefined/index
ERROR - 2016-08-30 14:46:53 --> 404 Page Not Found: Undefined/index
ERROR - 2016-08-30 14:46:53 --> 404 Page Not Found: Undefined/index
ERROR - 2016-08-30 14:46:53 --> 404 Page Not Found: Undefined/index
ERROR - 2016-08-30 14:46:53 --> 404 Page Not Found: Undefined/index
ERROR - 2016-08-30 14:46:53 --> 404 Page Not Found: Undefined/index
ERROR - 2016-08-30 14:46:53 --> 404 Page Not Found: Undefined/index
ERROR - 2016-08-30 14:46:53 --> 404 Page Not Found: Undefined/index
ERROR - 2016-08-30 14:46:53 --> 404 Page Not Found: Undefined/index
ERROR - 2016-08-30 14:46:53 --> 404 Page Not Found: Undefined/index
ERROR - 2016-08-30 14:46:53 --> 404 Page Not Found: Undefined/index
ERROR - 2016-08-30 14:46:53 --> 404 Page Not Found: Undefined/index
ERROR - 2016-08-30 14:46:53 --> 404 Page Not Found: Undefined/index
ERROR - 2016-08-30 14:46:53 --> 404 Page Not Found: Undefined/index
ERROR - 2016-08-30 14:46:53 --> 404 Page Not Found: Undefined/index
ERROR - 2016-08-30 14:46:54 --> 404 Page Not Found: Undefined/index
ERROR - 2016-08-30 14:46:54 --> 404 Page Not Found: Undefined/index
ERROR - 2016-08-30 14:46:54 --> 404 Page Not Found: Undefined/index
ERROR - 2016-08-30 14:46:54 --> 404 Page Not Found: Undefined/index
ERROR - 2016-08-30 14:46:54 --> 404 Page Not Found: Undefined/index
ERROR - 2016-08-30 14:46:54 --> 404 Page Not Found: Undefined/index
ERROR - 2016-08-30 14:46:54 --> 404 Page Not Found: Undefined/index
ERROR - 2016-08-30 14:46:54 --> 404 Page Not Found: Undefined/index
ERROR - 2016-08-30 14:46:54 --> 404 Page Not Found: Undefined/index
ERROR - 2016-08-30 14:46:54 --> 404 Page Not Found: Undefined/index
ERROR - 2016-08-30 14:46:54 --> 404 Page Not Found: Undefined/index
ERROR - 2016-08-30 14:46:54 --> 404 Page Not Found: Undefined/index
ERROR - 2016-08-30 14:46:54 --> 404 Page Not Found: Undefined/index
ERROR - 2016-08-30 14:46:54 --> 404 Page Not Found: Undefined/index
ERROR - 2016-08-30 14:46:54 --> 404 Page Not Found: Undefined/index
ERROR - 2016-08-30 14:46:54 --> 404 Page Not Found: Undefined/index
ERROR - 2016-08-30 14:46:54 --> 404 Page Not Found: Undefined/index
ERROR - 2016-08-30 14:46:54 --> 404 Page Not Found: Undefined/index
ERROR - 2016-08-30 14:46:55 --> 404 Page Not Found: Undefined/index
ERROR - 2016-08-30 14:46:55 --> 404 Page Not Found: Undefined/index
ERROR - 2016-08-30 14:46:55 --> 404 Page Not Found: Undefined/index
ERROR - 2016-08-30 14:46:55 --> 404 Page Not Found: Undefined/index
ERROR - 2016-08-30 14:46:55 --> 404 Page Not Found: Undefined/index
ERROR - 2016-08-30 14:46:55 --> 404 Page Not Found: Undefined/index
ERROR - 2016-08-30 14:46:55 --> 404 Page Not Found: Undefined/index
ERROR - 2016-08-30 14:46:55 --> 404 Page Not Found: Undefined/index
ERROR - 2016-08-30 14:46:55 --> 404 Page Not Found: Undefined/index
ERROR - 2016-08-30 14:46:55 --> 404 Page Not Found: Undefined/index
ERROR - 2016-08-30 14:46:55 --> 404 Page Not Found: Undefined/index
ERROR - 2016-08-30 14:46:55 --> 404 Page Not Found: Undefined/index
ERROR - 2016-08-30 14:46:55 --> 404 Page Not Found: Undefined/index
ERROR - 2016-08-30 14:46:55 --> 404 Page Not Found: Undefined/index
ERROR - 2016-08-30 14:46:55 --> 404 Page Not Found: Undefined/index
ERROR - 2016-08-30 14:46:55 --> 404 Page Not Found: Undefined/index
ERROR - 2016-08-30 14:46:55 --> 404 Page Not Found: Undefined/index
ERROR - 2016-08-30 14:46:55 --> 404 Page Not Found: Undefined/index
ERROR - 2016-08-30 14:46:56 --> 404 Page Not Found: Undefined/index
ERROR - 2016-08-30 14:46:56 --> 404 Page Not Found: Undefined/index
ERROR - 2016-08-30 14:46:56 --> 404 Page Not Found: Undefined/index
ERROR - 2016-08-30 14:46:56 --> 404 Page Not Found: Undefined/index
ERROR - 2016-08-30 14:46:56 --> 404 Page Not Found: Undefined/index
ERROR - 2016-08-30 14:46:56 --> 404 Page Not Found: Undefined/index
ERROR - 2016-08-30 14:46:56 --> 404 Page Not Found: Undefined/index
ERROR - 2016-08-30 14:46:56 --> 404 Page Not Found: Undefined/index
ERROR - 2016-08-30 14:46:56 --> 404 Page Not Found: Undefined/index
ERROR - 2016-08-30 14:46:56 --> 404 Page Not Found: Undefined/index
ERROR - 2016-08-30 14:46:56 --> 404 Page Not Found: Undefined/index
ERROR - 2016-08-30 14:46:56 --> 404 Page Not Found: Undefined/index
ERROR - 2016-08-30 14:46:56 --> 404 Page Not Found: Undefined/index
ERROR - 2016-08-30 14:46:56 --> 404 Page Not Found: Undefined/index
ERROR - 2016-08-30 14:46:56 --> 404 Page Not Found: Undefined/index
ERROR - 2016-08-30 14:46:56 --> 404 Page Not Found: Undefined/index
ERROR - 2016-08-30 14:46:56 --> 404 Page Not Found: Undefined/index
ERROR - 2016-08-30 14:46:56 --> 404 Page Not Found: Undefined/index
ERROR - 2016-08-30 14:46:57 --> 404 Page Not Found: Undefined/index
ERROR - 2016-08-30 14:46:57 --> 404 Page Not Found: Undefined/index
ERROR - 2016-08-30 14:46:57 --> 404 Page Not Found: Undefined/index
ERROR - 2016-08-30 14:46:57 --> 404 Page Not Found: Undefined/index
ERROR - 2016-08-30 14:46:57 --> 404 Page Not Found: Undefined/index
ERROR - 2016-08-30 14:46:57 --> 404 Page Not Found: Undefined/index
ERROR - 2016-08-30 14:46:57 --> 404 Page Not Found: Undefined/index
ERROR - 2016-08-30 14:46:57 --> 404 Page Not Found: Undefined/index
ERROR - 2016-08-30 14:46:57 --> 404 Page Not Found: Undefined/index
ERROR - 2016-08-30 14:46:57 --> 404 Page Not Found: Undefined/index
ERROR - 2016-08-30 14:46:57 --> 404 Page Not Found: Undefined/index
ERROR - 2016-08-30 14:46:57 --> 404 Page Not Found: Undefined/index
ERROR - 2016-08-30 14:46:57 --> 404 Page Not Found: Undefined/index
ERROR - 2016-08-30 14:46:57 --> 404 Page Not Found: Undefined/index
ERROR - 2016-08-30 14:46:57 --> 404 Page Not Found: Undefined/index
ERROR - 2016-08-30 14:46:57 --> 404 Page Not Found: Undefined/index
ERROR - 2016-08-30 14:46:57 --> 404 Page Not Found: Undefined/index
ERROR - 2016-08-30 14:46:57 --> 404 Page Not Found: Undefined/index
ERROR - 2016-08-30 14:46:58 --> 404 Page Not Found: Undefined/index
ERROR - 2016-08-30 14:46:58 --> 404 Page Not Found: Undefined/index
ERROR - 2016-08-30 14:46:58 --> 404 Page Not Found: Undefined/index
ERROR - 2016-08-30 14:46:58 --> 404 Page Not Found: Undefined/index
ERROR - 2016-08-30 14:46:58 --> 404 Page Not Found: Undefined/index
ERROR - 2016-08-30 14:46:58 --> 404 Page Not Found: Undefined/index
ERROR - 2016-08-30 14:46:58 --> 404 Page Not Found: Undefined/index
ERROR - 2016-08-30 14:46:58 --> 404 Page Not Found: Undefined/index
ERROR - 2016-08-30 14:46:58 --> 404 Page Not Found: Undefined/index
ERROR - 2016-08-30 14:46:58 --> 404 Page Not Found: Undefined/index
ERROR - 2016-08-30 14:46:58 --> 404 Page Not Found: Undefined/index
ERROR - 2016-08-30 14:46:58 --> 404 Page Not Found: Undefined/index
ERROR - 2016-08-30 14:46:58 --> 404 Page Not Found: Undefined/index
ERROR - 2016-08-30 14:46:58 --> 404 Page Not Found: Undefined/index
ERROR - 2016-08-30 14:46:58 --> 404 Page Not Found: Undefined/index
ERROR - 2016-08-30 14:46:58 --> 404 Page Not Found: Undefined/index
ERROR - 2016-08-30 14:46:58 --> 404 Page Not Found: Undefined/index
ERROR - 2016-08-30 14:46:58 --> 404 Page Not Found: Undefined/index
ERROR - 2016-08-30 14:46:58 --> 404 Page Not Found: Undefined/index
ERROR - 2016-08-30 14:46:58 --> 404 Page Not Found: Undefined/index
ERROR - 2016-08-30 14:46:59 --> 404 Page Not Found: Undefined/index
ERROR - 2016-08-30 14:46:59 --> 404 Page Not Found: Undefined/index
ERROR - 2016-08-30 14:46:59 --> 404 Page Not Found: Undefined/index
ERROR - 2016-08-30 14:46:59 --> 404 Page Not Found: Undefined/index
ERROR - 2016-08-30 14:46:59 --> 404 Page Not Found: Undefined/index
ERROR - 2016-08-30 14:46:59 --> 404 Page Not Found: Undefined/index
ERROR - 2016-08-30 14:46:59 --> 404 Page Not Found: Undefined/index
ERROR - 2016-08-30 14:46:59 --> 404 Page Not Found: Undefined/index
ERROR - 2016-08-30 14:46:59 --> 404 Page Not Found: Undefined/index
ERROR - 2016-08-30 14:46:59 --> 404 Page Not Found: Undefined/index
ERROR - 2016-08-30 14:46:59 --> 404 Page Not Found: Undefined/index
ERROR - 2016-08-30 14:46:59 --> 404 Page Not Found: Undefined/index
ERROR - 2016-08-30 14:46:59 --> 404 Page Not Found: Undefined/index
ERROR - 2016-08-30 14:46:59 --> 404 Page Not Found: Undefined/index
ERROR - 2016-08-30 14:46:59 --> 404 Page Not Found: Undefined/index
ERROR - 2016-08-30 14:46:59 --> 404 Page Not Found: Undefined/index
ERROR - 2016-08-30 14:46:59 --> 404 Page Not Found: Undefined/index
ERROR - 2016-08-30 14:46:59 --> 404 Page Not Found: Undefined/index
ERROR - 2016-08-30 14:47:00 --> 404 Page Not Found: Undefined/index
ERROR - 2016-08-30 14:47:00 --> 404 Page Not Found: Undefined/index
ERROR - 2016-08-30 14:47:00 --> 404 Page Not Found: Undefined/index
ERROR - 2016-08-30 14:47:00 --> 404 Page Not Found: Undefined/index
ERROR - 2016-08-30 14:47:00 --> 404 Page Not Found: Undefined/index
ERROR - 2016-08-30 14:47:00 --> 404 Page Not Found: Undefined/index
ERROR - 2016-08-30 14:47:00 --> 404 Page Not Found: Undefined/index
ERROR - 2016-08-30 14:47:00 --> 404 Page Not Found: Undefined/index
ERROR - 2016-08-30 14:47:00 --> 404 Page Not Found: Undefined/index
ERROR - 2016-08-30 14:47:00 --> 404 Page Not Found: Undefined/index
ERROR - 2016-08-30 14:47:00 --> 404 Page Not Found: Undefined/index
ERROR - 2016-08-30 14:47:00 --> 404 Page Not Found: Undefined/index
ERROR - 2016-08-30 14:47:00 --> 404 Page Not Found: Undefined/index
ERROR - 2016-08-30 14:47:00 --> 404 Page Not Found: Undefined/index
ERROR - 2016-08-30 14:47:00 --> 404 Page Not Found: Undefined/index
ERROR - 2016-08-30 14:47:00 --> 404 Page Not Found: Undefined/index
ERROR - 2016-08-30 14:47:00 --> 404 Page Not Found: Undefined/index
ERROR - 2016-08-30 14:47:00 --> 404 Page Not Found: Undefined/index
ERROR - 2016-08-30 14:47:00 --> 404 Page Not Found: Undefined/index
ERROR - 2016-08-30 14:47:00 --> 404 Page Not Found: Undefined/index
ERROR - 2016-08-30 14:47:01 --> 404 Page Not Found: Undefined/index
ERROR - 2016-08-30 14:47:01 --> 404 Page Not Found: Undefined/index
ERROR - 2016-08-30 14:47:01 --> 404 Page Not Found: Undefined/index
ERROR - 2016-08-30 14:47:01 --> 404 Page Not Found: Undefined/index
ERROR - 2016-08-30 14:47:01 --> 404 Page Not Found: Undefined/index
ERROR - 2016-08-30 14:47:01 --> 404 Page Not Found: Undefined/index
ERROR - 2016-08-30 14:47:01 --> 404 Page Not Found: Undefined/index
ERROR - 2016-08-30 14:47:01 --> 404 Page Not Found: Undefined/index
ERROR - 2016-08-30 14:47:01 --> 404 Page Not Found: Undefined/index
ERROR - 2016-08-30 14:47:01 --> 404 Page Not Found: Undefined/index
ERROR - 2016-08-30 14:47:01 --> 404 Page Not Found: Undefined/index
ERROR - 2016-08-30 14:47:01 --> 404 Page Not Found: Undefined/index
ERROR - 2016-08-30 14:47:01 --> 404 Page Not Found: Undefined/index
ERROR - 2016-08-30 14:47:01 --> 404 Page Not Found: Undefined/index
ERROR - 2016-08-30 14:47:01 --> 404 Page Not Found: Undefined/index
ERROR - 2016-08-30 14:47:01 --> 404 Page Not Found: Undefined/index
ERROR - 2016-08-30 14:47:01 --> 404 Page Not Found: Undefined/index
ERROR - 2016-08-30 14:47:01 --> 404 Page Not Found: Undefined/index
ERROR - 2016-08-30 14:47:01 --> 404 Page Not Found: Undefined/index
ERROR - 2016-08-30 14:47:02 --> 404 Page Not Found: Undefined/index
ERROR - 2016-08-30 14:47:02 --> 404 Page Not Found: Undefined/index
ERROR - 2016-08-30 14:47:02 --> 404 Page Not Found: Undefined/index
ERROR - 2016-08-30 14:47:02 --> 404 Page Not Found: Undefined/index
ERROR - 2016-08-30 14:47:02 --> 404 Page Not Found: Undefined/index
ERROR - 2016-08-30 14:47:02 --> 404 Page Not Found: Undefined/index
ERROR - 2016-08-30 14:47:02 --> 404 Page Not Found: Undefined/index
ERROR - 2016-08-30 14:47:02 --> 404 Page Not Found: Undefined/index
ERROR - 2016-08-30 14:47:02 --> 404 Page Not Found: Undefined/index
ERROR - 2016-08-30 14:47:02 --> 404 Page Not Found: Undefined/index
ERROR - 2016-08-30 14:47:02 --> 404 Page Not Found: Undefined/index
ERROR - 2016-08-30 14:47:02 --> 404 Page Not Found: Undefined/index
ERROR - 2016-08-30 14:47:02 --> 404 Page Not Found: Undefined/index
ERROR - 2016-08-30 14:47:02 --> 404 Page Not Found: Undefined/index
ERROR - 2016-08-30 14:47:02 --> 404 Page Not Found: Undefined/index
ERROR - 2016-08-30 14:47:02 --> 404 Page Not Found: Undefined/index
ERROR - 2016-08-30 14:47:02 --> 404 Page Not Found: Undefined/index
ERROR - 2016-08-30 14:47:02 --> 404 Page Not Found: Undefined/index
ERROR - 2016-08-30 14:47:02 --> 404 Page Not Found: Undefined/index
ERROR - 2016-08-30 14:47:02 --> 404 Page Not Found: Undefined/index
ERROR - 2016-08-30 14:47:03 --> 404 Page Not Found: Undefined/index
ERROR - 2016-08-30 14:47:03 --> 404 Page Not Found: Undefined/index
ERROR - 2016-08-30 14:47:03 --> 404 Page Not Found: Undefined/index
ERROR - 2016-08-30 14:47:03 --> 404 Page Not Found: Undefined/index
ERROR - 2016-08-30 14:47:03 --> 404 Page Not Found: Undefined/index
ERROR - 2016-08-30 14:47:03 --> 404 Page Not Found: Undefined/index
ERROR - 2016-08-30 14:47:03 --> 404 Page Not Found: Undefined/index
ERROR - 2016-08-30 14:47:03 --> 404 Page Not Found: Undefined/index
ERROR - 2016-08-30 14:47:03 --> 404 Page Not Found: Undefined/index
ERROR - 2016-08-30 14:47:03 --> 404 Page Not Found: Undefined/index
ERROR - 2016-08-30 14:47:03 --> 404 Page Not Found: Undefined/index
ERROR - 2016-08-30 14:47:03 --> 404 Page Not Found: Undefined/index
ERROR - 2016-08-30 14:47:03 --> 404 Page Not Found: Undefined/index
ERROR - 2016-08-30 14:47:03 --> 404 Page Not Found: Undefined/index
ERROR - 2016-08-30 14:47:03 --> 404 Page Not Found: Undefined/index
ERROR - 2016-08-30 14:47:03 --> 404 Page Not Found: Undefined/index
ERROR - 2016-08-30 14:47:03 --> 404 Page Not Found: Undefined/index
ERROR - 2016-08-30 14:47:03 --> 404 Page Not Found: Undefined/index
ERROR - 2016-08-30 14:47:03 --> 404 Page Not Found: Undefined/index
ERROR - 2016-08-30 14:47:03 --> 404 Page Not Found: Undefined/index
ERROR - 2016-08-30 14:47:04 --> 404 Page Not Found: Undefined/index
ERROR - 2016-08-30 14:47:04 --> 404 Page Not Found: Undefined/index
ERROR - 2016-08-30 14:47:04 --> 404 Page Not Found: Undefined/index
ERROR - 2016-08-30 14:47:04 --> 404 Page Not Found: Undefined/index
ERROR - 2016-08-30 14:47:04 --> 404 Page Not Found: Undefined/index
ERROR - 2016-08-30 14:47:04 --> 404 Page Not Found: Undefined/index
ERROR - 2016-08-30 14:47:04 --> 404 Page Not Found: Undefined/index
ERROR - 2016-08-30 14:47:04 --> 404 Page Not Found: Undefined/index
ERROR - 2016-08-30 14:47:04 --> 404 Page Not Found: Undefined/index
ERROR - 2016-08-30 14:47:04 --> 404 Page Not Found: Undefined/index
ERROR - 2016-08-30 14:47:04 --> 404 Page Not Found: Undefined/index
ERROR - 2016-08-30 14:47:04 --> 404 Page Not Found: Undefined/index
ERROR - 2016-08-30 14:47:04 --> 404 Page Not Found: Undefined/index
ERROR - 2016-08-30 14:47:04 --> 404 Page Not Found: Undefined/index
ERROR - 2016-08-30 14:47:04 --> 404 Page Not Found: Undefined/index
ERROR - 2016-08-30 14:47:04 --> 404 Page Not Found: Undefined/index
ERROR - 2016-08-30 14:47:04 --> 404 Page Not Found: Undefined/index
ERROR - 2016-08-30 14:47:04 --> 404 Page Not Found: Undefined/index
ERROR - 2016-08-30 14:47:05 --> 404 Page Not Found: Undefined/index
ERROR - 2016-08-30 14:47:05 --> 404 Page Not Found: Undefined/index
ERROR - 2016-08-30 14:47:05 --> 404 Page Not Found: Undefined/index
ERROR - 2016-08-30 14:47:05 --> 404 Page Not Found: Undefined/index
ERROR - 2016-08-30 14:47:05 --> 404 Page Not Found: Undefined/index
ERROR - 2016-08-30 14:47:05 --> 404 Page Not Found: Undefined/index
ERROR - 2016-08-30 14:47:05 --> 404 Page Not Found: Undefined/index
ERROR - 2016-08-30 14:47:05 --> 404 Page Not Found: Undefined/index
ERROR - 2016-08-30 14:47:05 --> 404 Page Not Found: Undefined/index
ERROR - 2016-08-30 14:47:05 --> 404 Page Not Found: Undefined/index
ERROR - 2016-08-30 14:47:05 --> 404 Page Not Found: Undefined/index
ERROR - 2016-08-30 14:47:05 --> 404 Page Not Found: Undefined/index
ERROR - 2016-08-30 14:47:05 --> 404 Page Not Found: Undefined/index
ERROR - 2016-08-30 14:47:05 --> 404 Page Not Found: Undefined/index
ERROR - 2016-08-30 14:47:05 --> 404 Page Not Found: Undefined/index
ERROR - 2016-08-30 14:47:05 --> 404 Page Not Found: Undefined/index
ERROR - 2016-08-30 14:47:05 --> 404 Page Not Found: Undefined/index
ERROR - 2016-08-30 14:47:05 --> 404 Page Not Found: Undefined/index
ERROR - 2016-08-30 14:47:05 --> 404 Page Not Found: Undefined/index
ERROR - 2016-08-30 14:47:05 --> 404 Page Not Found: Undefined/index
ERROR - 2016-08-30 14:47:05 --> 404 Page Not Found: Undefined/index
ERROR - 2016-08-30 14:47:06 --> 404 Page Not Found: Undefined/index
ERROR - 2016-08-30 14:47:06 --> 404 Page Not Found: Undefined/index
ERROR - 2016-08-30 14:47:06 --> 404 Page Not Found: Undefined/index
ERROR - 2016-08-30 14:47:06 --> 404 Page Not Found: Undefined/index
ERROR - 2016-08-30 14:47:06 --> 404 Page Not Found: Undefined/index
ERROR - 2016-08-30 14:47:06 --> 404 Page Not Found: Undefined/index
ERROR - 2016-08-30 14:47:06 --> 404 Page Not Found: Undefined/index
ERROR - 2016-08-30 14:47:06 --> 404 Page Not Found: Undefined/index
ERROR - 2016-08-30 14:47:06 --> 404 Page Not Found: Undefined/index
ERROR - 2016-08-30 14:47:06 --> 404 Page Not Found: Undefined/index
ERROR - 2016-08-30 14:47:06 --> 404 Page Not Found: Undefined/index
ERROR - 2016-08-30 14:47:06 --> 404 Page Not Found: Undefined/index
ERROR - 2016-08-30 14:47:06 --> 404 Page Not Found: Undefined/index
ERROR - 2016-08-30 14:47:06 --> 404 Page Not Found: Undefined/index
ERROR - 2016-08-30 14:47:06 --> 404 Page Not Found: Undefined/index
ERROR - 2016-08-30 14:47:06 --> 404 Page Not Found: Undefined/index
ERROR - 2016-08-30 14:47:06 --> 404 Page Not Found: Undefined/index
ERROR - 2016-08-30 14:47:06 --> 404 Page Not Found: Undefined/index
ERROR - 2016-08-30 14:47:06 --> 404 Page Not Found: Undefined/index
ERROR - 2016-08-30 14:47:07 --> 404 Page Not Found: Undefined/index
ERROR - 2016-08-30 14:47:07 --> 404 Page Not Found: Undefined/index
ERROR - 2016-08-30 14:47:07 --> 404 Page Not Found: Undefined/index
ERROR - 2016-08-30 14:47:07 --> 404 Page Not Found: Undefined/index
ERROR - 2016-08-30 14:47:07 --> 404 Page Not Found: Undefined/index
ERROR - 2016-08-30 14:47:07 --> 404 Page Not Found: Undefined/index
ERROR - 2016-08-30 14:47:07 --> 404 Page Not Found: Undefined/index
ERROR - 2016-08-30 14:47:07 --> 404 Page Not Found: Undefined/index
ERROR - 2016-08-30 14:47:07 --> 404 Page Not Found: Undefined/index
ERROR - 2016-08-30 14:47:07 --> 404 Page Not Found: Undefined/index
ERROR - 2016-08-30 14:47:07 --> 404 Page Not Found: Undefined/index
ERROR - 2016-08-30 14:47:07 --> 404 Page Not Found: Undefined/index
ERROR - 2016-08-30 14:47:07 --> 404 Page Not Found: Undefined/index
ERROR - 2016-08-30 14:47:07 --> 404 Page Not Found: Undefined/index
ERROR - 2016-08-30 14:47:07 --> 404 Page Not Found: Undefined/index
ERROR - 2016-08-30 14:47:07 --> 404 Page Not Found: Undefined/index
ERROR - 2016-08-30 14:47:07 --> 404 Page Not Found: Undefined/index
ERROR - 2016-08-30 14:47:07 --> 404 Page Not Found: Undefined/index
ERROR - 2016-08-30 14:47:07 --> 404 Page Not Found: Undefined/index
ERROR - 2016-08-30 14:47:07 --> 404 Page Not Found: Undefined/index
ERROR - 2016-08-30 14:47:08 --> 404 Page Not Found: Undefined/index
ERROR - 2016-08-30 14:47:08 --> 404 Page Not Found: Undefined/index
ERROR - 2016-08-30 14:47:08 --> 404 Page Not Found: Undefined/index
ERROR - 2016-08-30 14:47:08 --> 404 Page Not Found: Undefined/index
ERROR - 2016-08-30 14:47:08 --> 404 Page Not Found: Undefined/index
ERROR - 2016-08-30 14:47:08 --> 404 Page Not Found: Undefined/index
ERROR - 2016-08-30 14:47:08 --> 404 Page Not Found: Undefined/index
ERROR - 2016-08-30 14:47:08 --> 404 Page Not Found: Undefined/index
ERROR - 2016-08-30 14:47:08 --> 404 Page Not Found: Undefined/index
ERROR - 2016-08-30 14:47:08 --> 404 Page Not Found: Undefined/index
ERROR - 2016-08-30 14:47:08 --> 404 Page Not Found: Undefined/index
ERROR - 2016-08-30 14:47:08 --> 404 Page Not Found: Undefined/index
ERROR - 2016-08-30 14:47:08 --> 404 Page Not Found: Undefined/index
ERROR - 2016-08-30 14:47:08 --> 404 Page Not Found: Undefined/index
ERROR - 2016-08-30 14:47:08 --> 404 Page Not Found: Undefined/index
ERROR - 2016-08-30 14:47:08 --> 404 Page Not Found: Undefined/index
ERROR - 2016-08-30 14:47:08 --> 404 Page Not Found: Undefined/index
ERROR - 2016-08-30 14:47:08 --> 404 Page Not Found: Undefined/index
ERROR - 2016-08-30 14:47:08 --> 404 Page Not Found: Undefined/index
ERROR - 2016-08-30 14:47:08 --> 404 Page Not Found: Undefined/index
ERROR - 2016-08-30 14:47:08 --> 404 Page Not Found: Undefined/index
ERROR - 2016-08-30 14:47:09 --> 404 Page Not Found: Undefined/index
ERROR - 2016-08-30 14:47:09 --> 404 Page Not Found: Undefined/index
ERROR - 2016-08-30 14:47:09 --> 404 Page Not Found: Undefined/index
ERROR - 2016-08-30 14:47:09 --> 404 Page Not Found: Undefined/index
ERROR - 2016-08-30 14:47:09 --> 404 Page Not Found: Undefined/index
ERROR - 2016-08-30 14:47:09 --> 404 Page Not Found: Undefined/index
ERROR - 2016-08-30 14:47:09 --> 404 Page Not Found: Undefined/index
ERROR - 2016-08-30 14:47:09 --> 404 Page Not Found: Undefined/index
ERROR - 2016-08-30 14:47:09 --> 404 Page Not Found: Undefined/index
ERROR - 2016-08-30 14:47:09 --> 404 Page Not Found: Undefined/index
ERROR - 2016-08-30 14:47:09 --> 404 Page Not Found: Undefined/index
ERROR - 2016-08-30 14:47:09 --> 404 Page Not Found: Undefined/index
ERROR - 2016-08-30 14:47:09 --> 404 Page Not Found: Undefined/index
ERROR - 2016-08-30 14:47:09 --> 404 Page Not Found: Undefined/index
ERROR - 2016-08-30 14:47:09 --> 404 Page Not Found: Undefined/index
ERROR - 2016-08-30 14:47:09 --> 404 Page Not Found: Undefined/index
ERROR - 2016-08-30 14:47:09 --> 404 Page Not Found: Undefined/index
ERROR - 2016-08-30 14:47:09 --> 404 Page Not Found: Undefined/index
ERROR - 2016-08-30 14:47:09 --> 404 Page Not Found: Undefined/index
ERROR - 2016-08-30 14:47:09 --> 404 Page Not Found: Undefined/index
ERROR - 2016-08-30 14:47:10 --> 404 Page Not Found: Undefined/index
ERROR - 2016-08-30 14:47:10 --> 404 Page Not Found: Undefined/index
ERROR - 2016-08-30 14:47:10 --> 404 Page Not Found: Undefined/index
ERROR - 2016-08-30 14:47:10 --> 404 Page Not Found: Undefined/index
ERROR - 2016-08-30 14:47:10 --> 404 Page Not Found: Undefined/index
ERROR - 2016-08-30 14:47:10 --> 404 Page Not Found: Undefined/index
ERROR - 2016-08-30 14:47:10 --> 404 Page Not Found: Undefined/index
ERROR - 2016-08-30 14:47:10 --> 404 Page Not Found: Undefined/index
ERROR - 2016-08-30 14:47:10 --> 404 Page Not Found: Undefined/index
ERROR - 2016-08-30 14:47:10 --> 404 Page Not Found: Undefined/index
ERROR - 2016-08-30 14:47:10 --> 404 Page Not Found: Undefined/index
ERROR - 2016-08-30 14:47:10 --> 404 Page Not Found: Undefined/index
ERROR - 2016-08-30 14:47:10 --> 404 Page Not Found: Undefined/index
ERROR - 2016-08-30 14:47:10 --> 404 Page Not Found: Undefined/index
ERROR - 2016-08-30 14:47:10 --> 404 Page Not Found: Undefined/index
ERROR - 2016-08-30 14:47:10 --> 404 Page Not Found: Undefined/index
ERROR - 2016-08-30 14:47:10 --> 404 Page Not Found: Undefined/index
ERROR - 2016-08-30 14:47:10 --> 404 Page Not Found: Undefined/index
ERROR - 2016-08-30 14:47:10 --> 404 Page Not Found: Undefined/index
ERROR - 2016-08-30 14:47:10 --> 404 Page Not Found: Undefined/index
ERROR - 2016-08-30 14:47:10 --> 404 Page Not Found: Undefined/index
ERROR - 2016-08-30 14:47:11 --> 404 Page Not Found: Undefined/index
ERROR - 2016-08-30 14:47:11 --> 404 Page Not Found: Undefined/index
ERROR - 2016-08-30 14:47:11 --> 404 Page Not Found: Undefined/index
ERROR - 2016-08-30 14:47:11 --> 404 Page Not Found: Undefined/index
ERROR - 2016-08-30 14:47:11 --> 404 Page Not Found: Undefined/index
ERROR - 2016-08-30 14:47:11 --> 404 Page Not Found: Undefined/index
ERROR - 2016-08-30 14:47:11 --> 404 Page Not Found: Undefined/index
ERROR - 2016-08-30 14:47:11 --> 404 Page Not Found: Undefined/index
ERROR - 2016-08-30 14:47:11 --> 404 Page Not Found: Undefined/index
ERROR - 2016-08-30 14:47:11 --> 404 Page Not Found: Undefined/index
ERROR - 2016-08-30 14:47:11 --> 404 Page Not Found: Undefined/index
ERROR - 2016-08-30 14:47:11 --> 404 Page Not Found: Undefined/index
ERROR - 2016-08-30 14:47:11 --> 404 Page Not Found: Undefined/index
ERROR - 2016-08-30 14:47:11 --> 404 Page Not Found: Undefined/index
ERROR - 2016-08-30 14:47:11 --> 404 Page Not Found: Undefined/index
ERROR - 2016-08-30 14:47:11 --> 404 Page Not Found: Undefined/index
ERROR - 2016-08-30 14:47:11 --> 404 Page Not Found: Undefined/index
ERROR - 2016-08-30 14:47:11 --> 404 Page Not Found: Undefined/index
ERROR - 2016-08-30 14:47:11 --> 404 Page Not Found: Undefined/index
ERROR - 2016-08-30 14:47:11 --> 404 Page Not Found: Undefined/index
ERROR - 2016-08-30 14:47:12 --> 404 Page Not Found: Undefined/index
ERROR - 2016-08-30 14:47:12 --> 404 Page Not Found: Undefined/index
ERROR - 2016-08-30 14:47:12 --> 404 Page Not Found: Undefined/index
ERROR - 2016-08-30 14:47:12 --> 404 Page Not Found: Undefined/index
ERROR - 2016-08-30 14:47:12 --> 404 Page Not Found: Undefined/index
ERROR - 2016-08-30 14:47:12 --> 404 Page Not Found: Undefined/index
ERROR - 2016-08-30 14:47:12 --> 404 Page Not Found: Undefined/index
ERROR - 2016-08-30 14:47:12 --> 404 Page Not Found: Undefined/index
ERROR - 2016-08-30 14:47:12 --> 404 Page Not Found: Undefined/index
ERROR - 2016-08-30 14:47:12 --> 404 Page Not Found: Undefined/index
ERROR - 2016-08-30 14:47:12 --> 404 Page Not Found: Undefined/index
ERROR - 2016-08-30 14:47:12 --> 404 Page Not Found: Undefined/index
ERROR - 2016-08-30 14:47:12 --> 404 Page Not Found: Undefined/index
ERROR - 2016-08-30 14:47:12 --> 404 Page Not Found: Undefined/index
ERROR - 2016-08-30 14:47:12 --> 404 Page Not Found: Undefined/index
ERROR - 2016-08-30 14:47:12 --> 404 Page Not Found: Undefined/index
ERROR - 2016-08-30 14:47:12 --> 404 Page Not Found: Undefined/index
ERROR - 2016-08-30 14:47:12 --> 404 Page Not Found: Undefined/index
ERROR - 2016-08-30 14:47:13 --> 404 Page Not Found: Undefined/index
ERROR - 2016-08-30 14:47:13 --> 404 Page Not Found: Undefined/index
ERROR - 2016-08-30 14:47:13 --> 404 Page Not Found: Undefined/index
ERROR - 2016-08-30 14:47:13 --> 404 Page Not Found: Undefined/index
ERROR - 2016-08-30 14:47:13 --> 404 Page Not Found: Undefined/index
ERROR - 2016-08-30 14:47:13 --> 404 Page Not Found: Undefined/index
ERROR - 2016-08-30 14:47:13 --> 404 Page Not Found: Undefined/index
ERROR - 2016-08-30 14:47:13 --> 404 Page Not Found: Undefined/index
ERROR - 2016-08-30 14:47:13 --> 404 Page Not Found: Undefined/index
ERROR - 2016-08-30 14:47:13 --> 404 Page Not Found: Undefined/index
ERROR - 2016-08-30 14:47:13 --> 404 Page Not Found: Undefined/index
ERROR - 2016-08-30 14:47:13 --> 404 Page Not Found: Undefined/index
ERROR - 2016-08-30 14:47:13 --> 404 Page Not Found: Undefined/index
ERROR - 2016-08-30 14:47:13 --> 404 Page Not Found: Undefined/index
ERROR - 2016-08-30 14:47:13 --> 404 Page Not Found: Undefined/index
ERROR - 2016-08-30 14:47:14 --> 404 Page Not Found: Undefined/index
ERROR - 2016-08-30 14:47:14 --> 404 Page Not Found: Undefined/index
ERROR - 2016-08-30 14:47:14 --> 404 Page Not Found: Undefined/index
ERROR - 2016-08-30 14:47:14 --> 404 Page Not Found: Undefined/index
ERROR - 2016-08-30 14:47:14 --> 404 Page Not Found: Undefined/index
ERROR - 2016-08-30 14:47:14 --> 404 Page Not Found: Undefined/index
ERROR - 2016-08-30 14:47:14 --> 404 Page Not Found: Undefined/index
ERROR - 2016-08-30 14:47:14 --> 404 Page Not Found: Undefined/index
ERROR - 2016-08-30 14:47:14 --> 404 Page Not Found: Undefined/index
ERROR - 2016-08-30 14:47:14 --> 404 Page Not Found: Undefined/index
ERROR - 2016-08-30 14:47:14 --> 404 Page Not Found: Undefined/index
ERROR - 2016-08-30 14:47:14 --> 404 Page Not Found: Undefined/index
ERROR - 2016-08-30 14:47:14 --> 404 Page Not Found: Undefined/index
ERROR - 2016-08-30 14:47:14 --> 404 Page Not Found: Undefined/index
ERROR - 2016-08-30 14:47:14 --> 404 Page Not Found: Undefined/index
ERROR - 2016-08-30 14:47:14 --> 404 Page Not Found: Undefined/index
ERROR - 2016-08-30 14:47:14 --> 404 Page Not Found: Undefined/index
ERROR - 2016-08-30 14:47:14 --> 404 Page Not Found: Undefined/index
ERROR - 2016-08-30 14:47:14 --> 404 Page Not Found: Undefined/index
ERROR - 2016-08-30 14:47:15 --> 404 Page Not Found: Undefined/index
ERROR - 2016-08-30 14:47:15 --> 404 Page Not Found: Undefined/index
ERROR - 2016-08-30 14:47:15 --> 404 Page Not Found: Undefined/index
ERROR - 2016-08-30 14:47:15 --> 404 Page Not Found: Undefined/index
ERROR - 2016-08-30 14:47:15 --> 404 Page Not Found: Undefined/index
ERROR - 2016-08-30 14:47:15 --> 404 Page Not Found: Undefined/index
ERROR - 2016-08-30 14:47:15 --> 404 Page Not Found: Undefined/index
ERROR - 2016-08-30 14:47:15 --> 404 Page Not Found: Undefined/index
ERROR - 2016-08-30 20:48:27 --> 404 Page Not Found: Undefined/index
ERROR - 2016-08-30 20:48:27 --> 404 Page Not Found: Undefined/index
ERROR - 2016-08-30 20:48:27 --> 404 Page Not Found: Undefined/index
ERROR - 2016-08-30 20:48:27 --> 404 Page Not Found: Undefined/index
ERROR - 2016-08-30 20:48:27 --> 404 Page Not Found: Undefined/index
ERROR - 2016-08-30 20:48:27 --> 404 Page Not Found: Undefined/index
ERROR - 2016-08-30 20:48:27 --> 404 Page Not Found: Undefined/index
ERROR - 2016-08-30 20:48:27 --> 404 Page Not Found: Undefined/index
ERROR - 2016-08-30 20:48:27 --> 404 Page Not Found: Undefined/index
ERROR - 2016-08-30 20:48:27 --> 404 Page Not Found: Undefined/index
ERROR - 2016-08-30 20:48:27 --> 404 Page Not Found: Undefined/index
ERROR - 2016-08-30 20:48:27 --> 404 Page Not Found: Undefined/index
ERROR - 2016-08-30 20:48:32 --> 404 Page Not Found: Undefined/index
ERROR - 2016-08-30 20:48:32 --> 404 Page Not Found: Undefined/index
ERROR - 2016-08-30 20:48:32 --> 404 Page Not Found: Undefined/index
ERROR - 2016-08-30 20:48:32 --> 404 Page Not Found: Undefined/index
ERROR - 2016-08-30 20:48:32 --> 404 Page Not Found: Undefined/index
ERROR - 2016-08-30 20:48:32 --> 404 Page Not Found: Undefined/index
ERROR - 2016-08-30 20:48:32 --> 404 Page Not Found: Undefined/index
ERROR - 2016-08-30 20:48:32 --> 404 Page Not Found: Undefined/index
ERROR - 2016-08-30 20:48:32 --> 404 Page Not Found: Undefined/index
ERROR - 2016-08-30 20:48:32 --> 404 Page Not Found: Undefined/index
ERROR - 2016-08-30 20:48:32 --> 404 Page Not Found: Undefined/index
ERROR - 2016-08-30 20:48:32 --> 404 Page Not Found: Undefined/index
ERROR - 2016-08-30 20:48:38 --> 404 Page Not Found: Undefined/index
ERROR - 2016-08-30 20:48:38 --> 404 Page Not Found: Undefined/index
ERROR - 2016-08-30 20:48:38 --> 404 Page Not Found: Undefined/index
ERROR - 2016-08-30 20:48:38 --> 404 Page Not Found: Undefined/index
ERROR - 2016-08-30 20:48:38 --> 404 Page Not Found: Undefined/index
ERROR - 2016-08-30 20:48:54 --> 404 Page Not Found: Undefined/index
ERROR - 2016-08-30 20:48:54 --> 404 Page Not Found: Undefined/index
ERROR - 2016-08-30 20:48:54 --> 404 Page Not Found: Undefined/index
ERROR - 2016-08-30 20:48:54 --> 404 Page Not Found: Undefined/index
ERROR - 2016-08-30 20:48:54 --> 404 Page Not Found: Undefined/index
ERROR - 2016-08-30 20:48:55 --> 404 Page Not Found: Undefined/index
ERROR - 2016-08-30 20:48:55 --> 404 Page Not Found: Undefined/index
ERROR - 2016-08-30 20:48:55 --> 404 Page Not Found: Undefined/index
ERROR - 2016-08-30 20:48:55 --> 404 Page Not Found: Undefined/index
ERROR - 2016-08-30 20:48:55 --> 404 Page Not Found: Undefined/index
ERROR - 2016-08-30 20:48:55 --> 404 Page Not Found: Undefined/index
ERROR - 2016-08-30 20:48:55 --> 404 Page Not Found: Undefined/index
ERROR - 2016-08-30 20:48:55 --> 404 Page Not Found: Undefined/index
ERROR - 2016-08-30 20:48:56 --> 404 Page Not Found: Undefined/index
ERROR - 2016-08-30 20:48:56 --> 404 Page Not Found: Undefined/index
ERROR - 2016-08-30 20:48:56 --> 404 Page Not Found: Undefined/index
ERROR - 2016-08-30 20:48:56 --> 404 Page Not Found: Undefined/index
ERROR - 2016-08-30 20:48:56 --> 404 Page Not Found: Undefined/index
ERROR - 2016-08-30 20:48:56 --> 404 Page Not Found: Undefined/index
ERROR - 2016-08-30 20:48:56 --> 404 Page Not Found: Undefined/index
ERROR - 2016-08-30 20:48:57 --> 404 Page Not Found: Undefined/index
ERROR - 2016-08-30 20:48:57 --> 404 Page Not Found: Undefined/index
ERROR - 2016-08-30 20:48:57 --> 404 Page Not Found: Undefined/index
ERROR - 2016-08-30 20:48:57 --> 404 Page Not Found: Undefined/index
ERROR - 2016-08-30 20:48:57 --> 404 Page Not Found: Undefined/index
ERROR - 2016-08-30 20:48:58 --> 404 Page Not Found: Undefined/index
ERROR - 2016-08-30 20:48:58 --> 404 Page Not Found: Undefined/index
ERROR - 2016-08-30 20:48:58 --> 404 Page Not Found: Undefined/index
ERROR - 2016-08-30 20:48:58 --> 404 Page Not Found: Undefined/index
ERROR - 2016-08-30 20:48:58 --> 404 Page Not Found: Undefined/index
ERROR - 2016-08-30 20:49:02 --> 404 Page Not Found: Undefined/index
ERROR - 2016-08-30 20:49:02 --> 404 Page Not Found: Undefined/index
ERROR - 2016-08-30 20:49:02 --> 404 Page Not Found: Undefined/index
ERROR - 2016-08-30 20:49:02 --> 404 Page Not Found: Undefined/index
ERROR - 2016-08-30 20:49:02 --> 404 Page Not Found: Undefined/index
ERROR - 2016-08-30 20:49:03 --> 404 Page Not Found: Undefined/index
ERROR - 2016-08-30 20:49:03 --> 404 Page Not Found: Undefined/index
ERROR - 2016-08-30 20:49:03 --> 404 Page Not Found: Undefined/index
ERROR - 2016-08-30 20:49:03 --> 404 Page Not Found: Undefined/index
ERROR - 2016-08-30 20:49:03 --> 404 Page Not Found: Undefined/index
ERROR - 2016-08-30 20:49:04 --> 404 Page Not Found: Undefined/index
ERROR - 2016-08-30 20:49:04 --> 404 Page Not Found: Undefined/index
ERROR - 2016-08-30 20:49:04 --> 404 Page Not Found: Undefined/index
ERROR - 2016-08-30 20:49:05 --> 404 Page Not Found: Undefined/index
ERROR - 2016-08-30 20:49:05 --> 404 Page Not Found: Undefined/index
ERROR - 2016-08-30 20:49:07 --> 404 Page Not Found: Undefined/index
ERROR - 2016-08-30 20:49:07 --> 404 Page Not Found: Undefined/index
ERROR - 2016-08-30 20:49:07 --> 404 Page Not Found: Undefined/index
ERROR - 2016-08-30 20:49:07 --> 404 Page Not Found: Undefined/index
ERROR - 2016-08-30 20:49:07 --> 404 Page Not Found: Undefined/index
ERROR - 2016-08-30 20:49:08 --> 404 Page Not Found: Undefined/index
ERROR - 2016-08-30 20:49:08 --> 404 Page Not Found: Undefined/index
ERROR - 2016-08-30 20:49:08 --> 404 Page Not Found: Undefined/index
ERROR - 2016-08-30 20:49:08 --> 404 Page Not Found: Undefined/index
ERROR - 2016-08-30 20:49:08 --> 404 Page Not Found: Undefined/index
ERROR - 2016-08-30 20:49:08 --> 404 Page Not Found: Undefined/index
ERROR - 2016-08-30 20:49:08 --> 404 Page Not Found: Undefined/index
ERROR - 2016-08-30 20:49:08 --> 404 Page Not Found: Undefined/index
ERROR - 2016-08-30 20:49:09 --> 404 Page Not Found: Undefined/index
ERROR - 2016-08-30 20:49:09 --> 404 Page Not Found: Undefined/index
ERROR - 2016-08-30 20:49:09 --> 404 Page Not Found: Undefined/index
ERROR - 2016-08-30 20:49:09 --> 404 Page Not Found: Undefined/index
ERROR - 2016-08-30 20:49:09 --> 404 Page Not Found: Undefined/index
ERROR - 2016-08-30 20:49:09 --> 404 Page Not Found: Undefined/index
ERROR - 2016-08-30 20:49:09 --> 404 Page Not Found: Undefined/index
ERROR - 2016-08-30 20:49:10 --> 404 Page Not Found: Undefined/index
ERROR - 2016-08-30 20:49:10 --> 404 Page Not Found: Undefined/index
ERROR - 2016-08-30 20:49:10 --> 404 Page Not Found: Undefined/index
ERROR - 2016-08-30 20:49:10 --> 404 Page Not Found: Undefined/index
ERROR - 2016-08-30 20:49:10 --> 404 Page Not Found: Undefined/index
ERROR - 2016-08-30 20:49:32 --> 404 Page Not Found: Undefined/index
ERROR - 2016-08-30 20:49:32 --> 404 Page Not Found: Undefined/index
ERROR - 2016-08-30 20:49:48 --> 404 Page Not Found: Undefined/index
ERROR - 2016-08-30 20:49:48 --> 404 Page Not Found: Undefined/index
ERROR - 2016-08-30 20:49:59 --> 404 Page Not Found: Undefined/index
ERROR - 2016-08-30 20:49:59 --> 404 Page Not Found: Undefined/index
ERROR - 2016-08-30 20:50:02 --> 404 Page Not Found: Undefined/index
ERROR - 2016-08-30 20:50:02 --> 404 Page Not Found: Undefined/index
ERROR - 2016-08-30 20:50:09 --> 404 Page Not Found: Undefined/index
ERROR - 2016-08-30 20:50:09 --> 404 Page Not Found: Undefined/index
ERROR - 2016-08-30 20:50:11 --> 404 Page Not Found: Undefined/index
ERROR - 2016-08-30 20:50:11 --> 404 Page Not Found: Undefined/index
ERROR - 2016-08-30 20:50:13 --> 404 Page Not Found: Undefined/index
ERROR - 2016-08-30 20:50:13 --> 404 Page Not Found: Undefined/index
ERROR - 2016-08-30 20:50:15 --> 404 Page Not Found: Undefined/index
ERROR - 2016-08-30 20:50:15 --> 404 Page Not Found: Undefined/index
ERROR - 2016-08-30 20:50:16 --> 404 Page Not Found: Undefined/index
ERROR - 2016-08-30 20:50:16 --> 404 Page Not Found: Undefined/index
ERROR - 2016-08-30 20:50:16 --> 404 Page Not Found: Undefined/index
ERROR - 2016-08-30 20:50:16 --> 404 Page Not Found: Undefined/index
ERROR - 2016-08-30 20:50:19 --> 404 Page Not Found: Undefined/index
ERROR - 2016-08-30 20:50:19 --> 404 Page Not Found: Undefined/index
ERROR - 2016-08-30 20:50:20 --> 404 Page Not Found: Undefined/index
ERROR - 2016-08-30 20:50:20 --> 404 Page Not Found: Undefined/index
ERROR - 2016-08-30 20:50:21 --> 404 Page Not Found: Undefined/index
ERROR - 2016-08-30 20:50:21 --> 404 Page Not Found: Undefined/index
ERROR - 2016-08-30 20:50:22 --> 404 Page Not Found: Undefined/index
ERROR - 2016-08-30 20:50:22 --> 404 Page Not Found: Undefined/index
ERROR - 2016-08-30 20:50:22 --> 404 Page Not Found: Undefined/index
ERROR - 2016-08-30 20:50:22 --> 404 Page Not Found: Undefined/index
ERROR - 2016-08-30 20:50:41 --> 404 Page Not Found: Undefined/index
ERROR - 2016-08-30 20:50:41 --> 404 Page Not Found: Undefined/index
ERROR - 2016-08-30 20:50:45 --> 404 Page Not Found: Undefined/index
ERROR - 2016-08-30 20:50:45 --> 404 Page Not Found: Undefined/index
ERROR - 2016-08-30 20:51:06 --> 404 Page Not Found: Undefined/index
ERROR - 2016-08-30 20:51:06 --> 404 Page Not Found: Undefined/index
ERROR - 2016-08-30 13:06:20 --> Severity: Notice --> Undefined variable: categories /var/www/vhosts/cg/htdocs/bsw2/application/views/judging.php 20
ERROR - 2016-08-30 13:06:20 --> Severity: Warning --> Invalid argument supplied for foreach() /var/www/vhosts/cg/htdocs/bsw2/application/views/judging.php 20
