ERROR - 2016-05-11 01:00:32 --> Severity: Notice --> Undefined property: stdClass::$site_namesite_namesite_name /var/www/html/htdocs/themes/default/template.php 15
ERROR - 2016-05-11 02:11:28 --> Severity: Notice --> Undefined property: stdClass::$site_namesite_namesite_name /var/www/html/htdocs/themes/default/template.php 15
ERROR - 2016-05-11 02:19:04 --> Severity: Notice --> Undefined property: stdClass::$site_namesite_namesite_name /var/www/html/htdocs/themes/default/template.php 15
ERROR - 2016-05-11 02:19:11 --> Severity: Notice --> Undefined property: stdClass::$site_namesite_namesite_name /var/www/html/htdocs/themes/default/template.php 15
ERROR - 2016-05-11 02:07:23 --> 404 Page Not Found: Wwwbaiducom/cache
ERROR - 2016-05-11 06:15:32 --> Severity: Notice --> Undefined property: stdClass::$site_namesite_namesite_name /var/www/html/htdocs/themes/default/template.php 15
ERROR - 2016-05-11 06:17:14 --> Severity: Notice --> Undefined property: stdClass::$site_namesite_namesite_name /var/www/html/htdocs/themes/default/template.php 15
ERROR - 2016-05-11 06:19:33 --> Severity: Notice --> Undefined property: stdClass::$site_namesite_namesite_name /var/www/html/htdocs/themes/default/template.php 15
ERROR - 2016-05-11 06:19:37 --> Severity: Notice --> Undefined property: stdClass::$site_namesite_namesite_name /var/www/html/htdocs/themes/default/template.php 15
ERROR - 2016-05-11 06:42:02 --> Severity: Notice --> Undefined property: stdClass::$site_namesite_namesite_name /var/www/html/htdocs/themes/default/template.php 15
ERROR - 2016-05-11 07:37:58 --> Severity: Notice --> Undefined index: project_id /var/www/html/application/controllers/Project.php 39
ERROR - 2016-05-11 07:37:58 --> Severity: Notice --> Undefined index: project_id /var/www/html/application/controllers/Project.php 40
ERROR - 2016-05-11 07:37:58 --> Severity: Notice --> Undefined index: project_id /var/www/html/application/controllers/Project.php 41
ERROR - 2016-05-11 07:37:58 --> Severity: Notice --> Undefined index: project_id /var/www/html/application/controllers/Project.php 42
ERROR - 2016-05-11 07:37:58 --> Severity: Notice --> Undefined index: project_id /var/www/html/application/controllers/Project.php 43
ERROR - 2016-05-11 07:37:58 --> Severity: Warning --> Division by zero /var/www/html/application/models/Projects_model.php 117
ERROR - 2016-05-11 07:37:58 --> Severity: Notice --> Undefined index: project_id /var/www/html/application/controllers/Project.php 44
ERROR - 2016-05-11 07:37:58 --> Severity: Notice --> Undefined index: title /var/www/html/application/controllers/Project.php 48
ERROR - 2016-05-11 07:37:58 --> Severity: Notice --> Undefined index: title /var/www/html/application/views/project/project_view.php 13
ERROR - 2016-05-11 07:37:58 --> Severity: Notice --> Undefined index: title /var/www/html/application/views/project/project_view.php 46
ERROR - 2016-05-11 07:37:58 --> Severity: Notice --> Undefined index: description /var/www/html/application/views/project/project_view.php 65
ERROR - 2016-05-11 07:37:58 --> Severity: Notice --> Undefined index: goal /var/www/html/application/views/project/project_view.php 184
ERROR - 2016-05-11 06:38:12 --> 404 Page Not Found: Projects/expose
ERROR - 2016-05-11 07:48:19 --> 404 Page Not Found: About/index
ERROR - 2016-05-11 10:48:17 --> 404 Page Not Found: Wp-loginphp/index
ERROR - 2016-05-11 11:11:21 --> 404 Page Not Found: Checkout/paypal_ipn
