ERROR - 2016-05-10 01:02:48 --> Severity: Warning --> mysqli::real_connect(): (HY000/2002): Connection timed out /var/www/html/system/database/drivers/mysqli/mysqli_driver.php 202
ERROR - 2016-05-10 01:02:48 --> Unable to connect to the database
ERROR - 2016-05-10 01:09:58 --> Severity: Warning --> mysqli::real_connect(): (HY000/2002): Connection timed out /var/www/html/system/database/drivers/mysqli/mysqli_driver.php 202
ERROR - 2016-05-10 01:09:58 --> Unable to connect to the database
ERROR - 2016-05-10 01:14:12 --> Severity: Warning --> mysqli::real_connect(): (HY000/2002): Connection timed out /var/www/html/system/database/drivers/mysqli/mysqli_driver.php 202
ERROR - 2016-05-10 01:14:12 --> Unable to connect to the database
ERROR - 2016-05-10 01:30:12 --> Query error: Table 'cgstarter.settings' doesn't exist - Invalid query: 
            SELECT *
            FROM settings
            ORDER BY sort_order ASC
        
ERROR - 2016-05-10 02:33:24 --> Severity: Notice --> Undefined property: stdClass::$site_namesite_namesite_name /var/www/html/htdocs/themes/default/template.php 15
ERROR - 2016-05-10 02:34:52 --> Severity: Notice --> Undefined property: stdClass::$site_namesite_namesite_name /var/www/html/htdocs/themes/default/template.php 15
ERROR - 2016-05-10 02:45:38 --> Severity: Notice --> Undefined property: stdClass::$site_namesite_namesite_name /var/www/html/htdocs/themes/default/template.php 15
ERROR - 2016-05-10 02:46:51 --> Severity: Notice --> Undefined property: stdClass::$site_namesite_namesite_name /var/www/html/htdocs/themes/default/template.php 15
ERROR - 2016-05-10 02:46:54 --> Severity: Notice --> Undefined property: stdClass::$site_namesite_namesite_name /var/www/html/htdocs/themes/default/template.php 15
ERROR - 2016-05-10 02:47:01 --> Severity: Notice --> Undefined property: stdClass::$site_namesite_namesite_name /var/www/html/htdocs/themes/default/template.php 15
ERROR - 2016-05-10 02:47:08 --> Severity: Notice --> Undefined property: stdClass::$site_namesite_namesite_name /var/www/html/htdocs/themes/default/template.php 15
ERROR - 2016-05-10 01:47:24 --> 404 Page Not Found: Projects/test1
ERROR - 2016-05-10 01:47:27 --> 404 Page Not Found: Projects/test1
ERROR - 2016-05-10 02:47:55 --> Severity: Notice --> Undefined property: stdClass::$site_namesite_namesite_name /var/www/html/htdocs/themes/default/template.php 15
ERROR - 2016-05-10 02:47:59 --> Severity: Notice --> Undefined property: stdClass::$site_namesite_namesite_name /var/www/html/htdocs/themes/default/template.php 15
ERROR - 2016-05-10 03:24:05 --> Severity: Notice --> Undefined property: stdClass::$site_namesite_namesite_name /var/www/html/htdocs/themes/default/template.php 15
ERROR - 2016-05-10 03:24:08 --> Severity: Notice --> Undefined property: stdClass::$site_namesite_namesite_name /var/www/html/htdocs/themes/default/template.php 15
ERROR - 2016-05-10 03:24:13 --> Severity: Notice --> Undefined property: stdClass::$site_namesite_namesite_name /var/www/html/htdocs/themes/default/template.php 15
ERROR - 2016-05-10 03:24:29 --> Severity: Notice --> Undefined property: stdClass::$site_namesite_namesite_name /var/www/html/htdocs/themes/default/template.php 15
ERROR - 2016-05-10 03:24:36 --> Severity: Notice --> Undefined property: stdClass::$site_namesite_namesite_name /var/www/html/htdocs/themes/default/template.php 15
ERROR - 2016-05-10 03:27:47 --> Severity: Notice --> Trying to get property of non-object /var/www/html/application/controllers/Checkout.php 132
ERROR - 2016-05-10 03:27:47 --> Severity: Notice --> Undefined property: stdClass::$site_namesite_namesite_name /var/www/html/htdocs/themes/default/template.php 15
ERROR - 2016-05-10 03:29:56 --> Severity: Notice --> Trying to get property of non-object /var/www/html/application/controllers/Checkout.php 132
ERROR - 2016-05-10 03:29:56 --> Severity: Notice --> Undefined property: stdClass::$site_namesite_namesite_name /var/www/html/htdocs/themes/default/template.php 15
ERROR - 2016-05-10 05:54:24 --> Severity: Notice --> Undefined property: stdClass::$site_namesite_namesite_name /var/www/html/htdocs/themes/default/template.php 15
ERROR - 2016-05-10 05:57:17 --> Severity: Notice --> Undefined property: stdClass::$site_namesite_namesite_name /var/www/html/htdocs/themes/default/template.php 15
ERROR - 2016-05-10 05:57:29 --> Severity: Notice --> Undefined property: stdClass::$site_namesite_namesite_name /var/www/html/htdocs/themes/default/template.php 15
ERROR - 2016-05-10 05:57:32 --> Severity: Notice --> Undefined property: stdClass::$site_namesite_namesite_name /var/www/html/htdocs/themes/default/template.php 15
ERROR - 2016-05-10 05:57:34 --> Severity: Notice --> Undefined property: stdClass::$site_namesite_namesite_name /var/www/html/htdocs/themes/default/template.php 15
ERROR - 2016-05-10 05:57:37 --> Severity: Notice --> Undefined property: stdClass::$site_namesite_namesite_name /var/www/html/htdocs/themes/default/template.php 15
ERROR - 2016-05-10 05:57:43 --> Severity: Notice --> Undefined property: stdClass::$site_namesite_namesite_name /var/www/html/htdocs/themes/default/template.php 15
ERROR - 2016-05-10 05:57:45 --> Severity: Notice --> Undefined property: stdClass::$site_namesite_namesite_name /var/www/html/htdocs/themes/default/template.php 15
ERROR - 2016-05-10 09:29:06 --> Severity: Notice --> Undefined property: stdClass::$site_namesite_namesite_name /var/www/html/htdocs/themes/default/template.php 15
ERROR - 2016-05-10 12:15:43 --> Severity: Notice --> Undefined property: stdClass::$site_namesite_namesite_name /var/www/html/htdocs/themes/default/template.php 15
ERROR - 2016-05-10 12:15:43 --> Severity: Notice --> Undefined property: stdClass::$site_namesite_namesite_name /var/www/html/htdocs/themes/default/template.php 15
ERROR - 2016-05-10 12:15:43 --> Severity: Notice --> Undefined property: stdClass::$site_namesite_namesite_name /var/www/html/htdocs/themes/default/template.php 15
ERROR - 2016-05-10 14:43:09 --> Severity: Notice --> Undefined property: stdClass::$site_namesite_namesite_name /var/www/html/htdocs/themes/default/template.php 15
ERROR - 2016-05-10 14:43:13 --> Severity: Notice --> Undefined property: stdClass::$site_namesite_namesite_name /var/www/html/htdocs/themes/default/template.php 15
ERROR - 2016-05-10 16:31:18 --> Severity: Notice --> Undefined property: stdClass::$site_namesite_namesite_name /var/www/html/htdocs/themes/default/template.php 15
ERROR - 2016-05-10 19:17:08 --> Severity: Notice --> Undefined property: stdClass::$site_namesite_namesite_name /var/www/html/htdocs/themes/default/template.php 15
