ERROR - 2016-07-21 06:06:29 --> Severity: Notice --> Undefined index: project_id /var/www/vhosts/cg/application/controllers/Project.php 39
ERROR - 2016-07-21 06:06:29 --> Severity: Notice --> Undefined index: project_id /var/www/vhosts/cg/application/controllers/Project.php 40
ERROR - 2016-07-21 06:06:29 --> Severity: Notice --> Undefined index: project_id /var/www/vhosts/cg/application/controllers/Project.php 41
ERROR - 2016-07-21 06:06:29 --> Severity: Notice --> Undefined index: project_id /var/www/vhosts/cg/application/controllers/Project.php 42
ERROR - 2016-07-21 06:06:29 --> Severity: Notice --> Undefined index: project_id /var/www/vhosts/cg/application/controllers/Project.php 43
ERROR - 2016-07-21 06:06:29 --> Severity: Warning --> Division by zero /var/www/vhosts/cg/application/models/Projects_model.php 131
ERROR - 2016-07-21 06:06:29 --> Severity: Notice --> Undefined index: project_id /var/www/vhosts/cg/application/controllers/Project.php 44
ERROR - 2016-07-21 06:06:29 --> Severity: Notice --> Undefined index: title /var/www/vhosts/cg/application/controllers/Project.php 48
ERROR - 2016-07-21 06:06:29 --> Severity: Notice --> Undefined index: title /var/www/vhosts/cg/application/views/project/project_view.php 13
ERROR - 2016-07-21 06:06:29 --> Severity: Notice --> Undefined index: title /var/www/vhosts/cg/application/views/project/project_view.php 46
ERROR - 2016-07-21 06:06:29 --> Severity: Notice --> Undefined index: description /var/www/vhosts/cg/application/views/project/project_view.php 65
ERROR - 2016-07-21 06:06:29 --> Severity: Notice --> Undefined index: url_facebook /var/www/vhosts/cg/application/views/project/project_view.php 140
ERROR - 2016-07-21 06:06:29 --> Severity: Notice --> Undefined index: url_google /var/www/vhosts/cg/application/views/project/project_view.php 140
ERROR - 2016-07-21 06:06:29 --> Severity: Notice --> Undefined index: url_pinterest /var/www/vhosts/cg/application/views/project/project_view.php 140
ERROR - 2016-07-21 06:06:29 --> Severity: Notice --> Undefined index: url_twitter /var/www/vhosts/cg/application/views/project/project_view.php 140
ERROR - 2016-07-21 06:06:29 --> Severity: Notice --> Undefined index: url_instagram /var/www/vhosts/cg/application/views/project/project_view.php 140
ERROR - 2016-07-21 06:06:29 --> Severity: Notice --> Undefined index: goal /var/www/vhosts/cg/application/views/project/project_view.php 180
ERROR - 2016-07-21 06:06:53 --> Severity: Notice --> Undefined index: project_id /var/www/vhosts/cg/application/controllers/Project.php 39
ERROR - 2016-07-21 06:06:53 --> Severity: Notice --> Undefined index: project_id /var/www/vhosts/cg/application/controllers/Project.php 40
ERROR - 2016-07-21 06:06:53 --> Severity: Notice --> Undefined index: project_id /var/www/vhosts/cg/application/controllers/Project.php 41
ERROR - 2016-07-21 06:06:53 --> Severity: Notice --> Undefined index: project_id /var/www/vhosts/cg/application/controllers/Project.php 42
ERROR - 2016-07-21 06:06:53 --> Severity: Notice --> Undefined index: project_id /var/www/vhosts/cg/application/controllers/Project.php 43
ERROR - 2016-07-21 06:06:53 --> Severity: Warning --> Division by zero /var/www/vhosts/cg/application/models/Projects_model.php 131
ERROR - 2016-07-21 06:06:53 --> Severity: Notice --> Undefined index: project_id /var/www/vhosts/cg/application/controllers/Project.php 44
ERROR - 2016-07-21 06:06:53 --> Severity: Notice --> Undefined index: title /var/www/vhosts/cg/application/controllers/Project.php 48
ERROR - 2016-07-21 06:06:53 --> Severity: Notice --> Undefined index: title /var/www/vhosts/cg/application/views/project/project_view.php 13
ERROR - 2016-07-21 06:06:53 --> Severity: Notice --> Undefined index: title /var/www/vhosts/cg/application/views/project/project_view.php 46
ERROR - 2016-07-21 06:06:53 --> Severity: Notice --> Undefined index: description /var/www/vhosts/cg/application/views/project/project_view.php 65
ERROR - 2016-07-21 06:06:53 --> Severity: Notice --> Undefined index: url_facebook /var/www/vhosts/cg/application/views/project/project_view.php 140
ERROR - 2016-07-21 06:06:53 --> Severity: Notice --> Undefined index: url_google /var/www/vhosts/cg/application/views/project/project_view.php 140
ERROR - 2016-07-21 06:06:53 --> Severity: Notice --> Undefined index: url_pinterest /var/www/vhosts/cg/application/views/project/project_view.php 140
ERROR - 2016-07-21 06:06:53 --> Severity: Notice --> Undefined index: url_twitter /var/www/vhosts/cg/application/views/project/project_view.php 140
ERROR - 2016-07-21 06:06:53 --> Severity: Notice --> Undefined index: url_instagram /var/www/vhosts/cg/application/views/project/project_view.php 140
ERROR - 2016-07-21 06:06:53 --> Severity: Notice --> Undefined index: goal /var/www/vhosts/cg/application/views/project/project_view.php 180
ERROR - 2016-07-21 15:49:10 --> 404 Page Not Found: Project/assets
ERROR - 2016-07-21 15:49:10 --> 404 Page Not Found: Project/assets
ERROR - 2016-07-21 15:49:10 --> 404 Page Not Found: Project/assets
ERROR - 2016-07-21 15:49:10 --> 404 Page Not Found: Project/assets
ERROR - 2016-07-21 15:49:10 --> 404 Page Not Found: Project/assets
ERROR - 2016-07-21 15:49:10 --> 404 Page Not Found: Project/assets
ERROR - 2016-07-21 15:49:10 --> 404 Page Not Found: Project/assets
ERROR - 2016-07-21 15:49:10 --> 404 Page Not Found: Project/assets
ERROR - 2016-07-21 15:49:10 --> 404 Page Not Found: Project/assets
ERROR - 2016-07-21 15:49:10 --> 404 Page Not Found: Project/assets
ERROR - 2016-07-21 15:49:10 --> 404 Page Not Found: Project/assets
ERROR - 2016-07-21 15:49:10 --> 404 Page Not Found: Project/assets
ERROR - 2016-07-21 15:49:10 --> 404 Page Not Found: Project/assets
ERROR - 2016-07-21 15:49:10 --> 404 Page Not Found: Project/assets
ERROR - 2016-07-21 15:49:10 --> 404 Page Not Found: Project/assets
ERROR - 2016-07-21 15:49:10 --> 404 Page Not Found: Project/assets
ERROR - 2016-07-21 15:49:10 --> 404 Page Not Found: Project/assets
ERROR - 2016-07-21 15:49:10 --> 404 Page Not Found: Project/assets
ERROR - 2016-07-21 15:49:10 --> 404 Page Not Found: Project/assets
ERROR - 2016-07-21 15:49:10 --> 404 Page Not Found: Project/assets
ERROR - 2016-07-21 15:49:10 --> 404 Page Not Found: Project/assets
ERROR - 2016-07-21 15:49:10 --> 404 Page Not Found: Project/assets
ERROR - 2016-07-21 15:49:10 --> 404 Page Not Found: Project/assets
ERROR - 2016-07-21 15:49:10 --> 404 Page Not Found: Project/assets
ERROR - 2016-07-21 15:49:10 --> 404 Page Not Found: Project/assets
ERROR - 2016-07-21 15:49:10 --> 404 Page Not Found: Project/assets
ERROR - 2016-07-21 15:49:10 --> 404 Page Not Found: Project/assets
ERROR - 2016-07-21 15:49:10 --> 404 Page Not Found: Project/assets
ERROR - 2016-07-21 15:49:10 --> 404 Page Not Found: Project/assets
ERROR - 2016-07-21 15:49:10 --> 404 Page Not Found: Project/assets
ERROR - 2016-07-21 15:49:10 --> 404 Page Not Found: Project/assets
ERROR - 2016-07-21 15:50:38 --> 404 Page Not Found: Project/assets
ERROR - 2016-07-21 15:50:38 --> 404 Page Not Found: Project/assets
ERROR - 2016-07-21 15:50:38 --> 404 Page Not Found: Project/assets
ERROR - 2016-07-21 15:50:38 --> 404 Page Not Found: Project/assets
ERROR - 2016-07-21 15:50:38 --> 404 Page Not Found: Project/assets
ERROR - 2016-07-21 15:50:38 --> 404 Page Not Found: Project/assets
ERROR - 2016-07-21 15:50:38 --> 404 Page Not Found: Project/assets
ERROR - 2016-07-21 15:50:38 --> 404 Page Not Found: Project/assets
ERROR - 2016-07-21 15:50:38 --> 404 Page Not Found: Project/assets
ERROR - 2016-07-21 15:50:38 --> 404 Page Not Found: Project/assets
ERROR - 2016-07-21 15:50:38 --> 404 Page Not Found: Project/assets
ERROR - 2016-07-21 15:50:38 --> 404 Page Not Found: Project/assets
ERROR - 2016-07-21 15:50:38 --> 404 Page Not Found: Project/assets
ERROR - 2016-07-21 15:50:38 --> 404 Page Not Found: Project/assets
ERROR - 2016-07-21 15:50:38 --> 404 Page Not Found: Project/assets
ERROR - 2016-07-21 15:50:38 --> 404 Page Not Found: Project/assets
ERROR - 2016-07-21 15:50:38 --> 404 Page Not Found: Project/assets
ERROR - 2016-07-21 15:50:38 --> 404 Page Not Found: Project/assets
ERROR - 2016-07-21 15:50:38 --> 404 Page Not Found: Project/assets
ERROR - 2016-07-21 15:50:38 --> 404 Page Not Found: Project/assets
ERROR - 2016-07-21 15:50:38 --> 404 Page Not Found: Project/assets
ERROR - 2016-07-21 15:50:38 --> 404 Page Not Found: Project/assets
ERROR - 2016-07-21 15:50:38 --> 404 Page Not Found: Project/assets
ERROR - 2016-07-21 15:50:38 --> 404 Page Not Found: Project/assets
ERROR - 2016-07-21 15:50:38 --> 404 Page Not Found: Project/assets
ERROR - 2016-07-21 15:50:38 --> 404 Page Not Found: Project/assets
ERROR - 2016-07-21 15:50:38 --> 404 Page Not Found: Project/assets
ERROR - 2016-07-21 15:50:38 --> 404 Page Not Found: Project/assets
ERROR - 2016-07-21 15:50:38 --> 404 Page Not Found: Project/assets
ERROR - 2016-07-21 15:50:38 --> 404 Page Not Found: Project/assets
ERROR - 2016-07-21 15:50:38 --> 404 Page Not Found: Project/assets
ERROR - 2016-07-21 15:50:38 --> 404 Page Not Found: Project/assets
ERROR - 2016-07-21 15:50:38 --> 404 Page Not Found: Project/assets
ERROR - 2016-07-21 15:51:19 --> 404 Page Not Found: Project/assets
ERROR - 2016-07-21 15:51:19 --> 404 Page Not Found: Project/assets
ERROR - 2016-07-21 15:51:19 --> 404 Page Not Found: Project/assets
ERROR - 2016-07-21 15:51:19 --> 404 Page Not Found: Project/assets
ERROR - 2016-07-21 15:51:19 --> 404 Page Not Found: Project/assets
ERROR - 2016-07-21 15:51:19 --> 404 Page Not Found: Project/assets
ERROR - 2016-07-21 15:51:19 --> 404 Page Not Found: Project/assets
ERROR - 2016-07-21 15:51:19 --> 404 Page Not Found: Project/assets
ERROR - 2016-07-21 15:51:19 --> 404 Page Not Found: Project/assets
ERROR - 2016-07-21 15:51:19 --> 404 Page Not Found: Project/assets
ERROR - 2016-07-21 15:51:19 --> 404 Page Not Found: Project/assets
ERROR - 2016-07-21 15:51:19 --> 404 Page Not Found: Project/assets
ERROR - 2016-07-21 15:51:19 --> 404 Page Not Found: Project/assets
ERROR - 2016-07-21 15:51:19 --> 404 Page Not Found: Project/assets
ERROR - 2016-07-21 15:51:19 --> 404 Page Not Found: Project/assets
ERROR - 2016-07-21 15:51:19 --> 404 Page Not Found: Project/assets
ERROR - 2016-07-21 15:51:19 --> 404 Page Not Found: Project/assets
ERROR - 2016-07-21 15:51:19 --> 404 Page Not Found: Project/assets
ERROR - 2016-07-21 15:51:19 --> 404 Page Not Found: Project/assets
ERROR - 2016-07-21 15:51:19 --> 404 Page Not Found: Project/assets
ERROR - 2016-07-21 15:51:19 --> 404 Page Not Found: Project/assets
ERROR - 2016-07-21 15:51:19 --> 404 Page Not Found: Project/assets
ERROR - 2016-07-21 15:51:19 --> 404 Page Not Found: Project/assets
ERROR - 2016-07-21 15:51:19 --> 404 Page Not Found: Project/assets
ERROR - 2016-07-21 15:51:19 --> 404 Page Not Found: Project/assets
ERROR - 2016-07-21 15:51:19 --> 404 Page Not Found: Project/assets
ERROR - 2016-07-21 15:51:19 --> 404 Page Not Found: Project/assets
ERROR - 2016-07-21 15:51:19 --> 404 Page Not Found: Project/assets
ERROR - 2016-07-21 15:51:19 --> 404 Page Not Found: Project/assets
ERROR - 2016-07-21 15:51:19 --> 404 Page Not Found: Project/assets
ERROR - 2016-07-21 15:51:19 --> 404 Page Not Found: Project/assets
ERROR - 2016-07-21 15:51:59 --> 404 Page Not Found: Project/assets
ERROR - 2016-07-21 15:51:59 --> 404 Page Not Found: Project/assets
ERROR - 2016-07-21 15:51:59 --> 404 Page Not Found: Project/assets
ERROR - 2016-07-21 15:51:59 --> 404 Page Not Found: Project/assets
ERROR - 2016-07-21 15:51:59 --> 404 Page Not Found: Project/assets
ERROR - 2016-07-21 15:51:59 --> 404 Page Not Found: Project/assets
ERROR - 2016-07-21 15:51:59 --> 404 Page Not Found: Project/assets
ERROR - 2016-07-21 15:51:59 --> 404 Page Not Found: Project/assets
ERROR - 2016-07-21 15:51:59 --> 404 Page Not Found: Project/assets
ERROR - 2016-07-21 15:51:59 --> 404 Page Not Found: Project/assets
ERROR - 2016-07-21 15:51:59 --> 404 Page Not Found: Project/assets
ERROR - 2016-07-21 15:51:59 --> 404 Page Not Found: Project/assets
ERROR - 2016-07-21 15:51:59 --> 404 Page Not Found: Project/assets
ERROR - 2016-07-21 15:51:59 --> 404 Page Not Found: Project/assets
ERROR - 2016-07-21 15:51:59 --> 404 Page Not Found: Project/assets
ERROR - 2016-07-21 15:51:59 --> 404 Page Not Found: Project/assets
ERROR - 2016-07-21 15:51:59 --> 404 Page Not Found: Project/assets
ERROR - 2016-07-21 15:51:59 --> 404 Page Not Found: Project/assets
ERROR - 2016-07-21 15:51:59 --> 404 Page Not Found: Project/assets
ERROR - 2016-07-21 15:51:59 --> 404 Page Not Found: Project/assets
ERROR - 2016-07-21 15:51:59 --> 404 Page Not Found: Project/assets
ERROR - 2016-07-21 15:51:59 --> 404 Page Not Found: Project/assets
ERROR - 2016-07-21 15:51:59 --> 404 Page Not Found: Project/assets
ERROR - 2016-07-21 15:51:59 --> 404 Page Not Found: Project/assets
ERROR - 2016-07-21 15:51:59 --> 404 Page Not Found: Project/assets
ERROR - 2016-07-21 15:51:59 --> 404 Page Not Found: Project/assets
ERROR - 2016-07-21 15:51:59 --> 404 Page Not Found: Project/assets
ERROR - 2016-07-21 15:51:59 --> 404 Page Not Found: Project/assets
ERROR - 2016-07-21 15:52:00 --> 404 Page Not Found: Project/assets
ERROR - 2016-07-21 15:52:00 --> 404 Page Not Found: Project/assets
ERROR - 2016-07-21 15:52:00 --> 404 Page Not Found: Project/assets
ERROR - 2016-07-21 15:52:00 --> 404 Page Not Found: Project/assets
ERROR - 2016-07-21 15:52:00 --> 404 Page Not Found: Project/assets
ERROR - 2016-07-21 15:52:15 --> 404 Page Not Found: Project/assets
ERROR - 2016-07-21 15:52:15 --> 404 Page Not Found: Project/assets
ERROR - 2016-07-21 15:52:15 --> 404 Page Not Found: Project/assets
ERROR - 2016-07-21 15:52:15 --> 404 Page Not Found: Project/assets
ERROR - 2016-07-21 15:52:15 --> 404 Page Not Found: Project/assets
ERROR - 2016-07-21 15:52:15 --> 404 Page Not Found: Project/assets
ERROR - 2016-07-21 15:52:15 --> 404 Page Not Found: Project/assets
ERROR - 2016-07-21 15:52:15 --> 404 Page Not Found: Project/assets
ERROR - 2016-07-21 15:52:15 --> 404 Page Not Found: Project/assets
ERROR - 2016-07-21 15:52:15 --> 404 Page Not Found: Project/assets
ERROR - 2016-07-21 15:52:15 --> 404 Page Not Found: Project/assets
ERROR - 2016-07-21 15:52:15 --> 404 Page Not Found: Project/assets
ERROR - 2016-07-21 15:52:15 --> 404 Page Not Found: Project/assets
ERROR - 2016-07-21 15:52:15 --> 404 Page Not Found: Project/assets
ERROR - 2016-07-21 15:52:15 --> 404 Page Not Found: Project/assets
ERROR - 2016-07-21 15:52:15 --> 404 Page Not Found: Project/assets
ERROR - 2016-07-21 15:52:15 --> 404 Page Not Found: Project/assets
ERROR - 2016-07-21 15:52:15 --> 404 Page Not Found: Project/assets
ERROR - 2016-07-21 15:52:15 --> 404 Page Not Found: Project/assets
ERROR - 2016-07-21 15:52:16 --> 404 Page Not Found: Project/assets
ERROR - 2016-07-21 15:52:16 --> 404 Page Not Found: Project/assets
ERROR - 2016-07-21 15:52:16 --> 404 Page Not Found: Project/assets
ERROR - 2016-07-21 15:52:16 --> 404 Page Not Found: Project/assets
ERROR - 2016-07-21 15:52:16 --> 404 Page Not Found: Project/assets
ERROR - 2016-07-21 15:52:16 --> 404 Page Not Found: Project/assets
ERROR - 2016-07-21 15:52:16 --> 404 Page Not Found: Project/assets
ERROR - 2016-07-21 15:52:16 --> 404 Page Not Found: Project/assets
ERROR - 2016-07-21 15:52:16 --> 404 Page Not Found: Project/assets
ERROR - 2016-07-21 15:52:16 --> 404 Page Not Found: Project/assets
ERROR - 2016-07-21 15:52:16 --> 404 Page Not Found: Project/assets
ERROR - 2016-07-21 15:52:16 --> 404 Page Not Found: Project/assets
ERROR - 2016-07-21 15:52:16 --> 404 Page Not Found: Project/assets
ERROR - 2016-07-21 15:52:16 --> 404 Page Not Found: Project/assets
ERROR - 2016-07-21 15:52:35 --> 404 Page Not Found: Project/assets
ERROR - 2016-07-21 15:52:35 --> 404 Page Not Found: Project/assets
ERROR - 2016-07-21 15:52:35 --> 404 Page Not Found: Project/assets
ERROR - 2016-07-21 15:52:35 --> 404 Page Not Found: Project/assets
ERROR - 2016-07-21 15:52:35 --> 404 Page Not Found: Project/assets
ERROR - 2016-07-21 15:52:35 --> 404 Page Not Found: Project/assets
ERROR - 2016-07-21 15:52:35 --> 404 Page Not Found: Project/assets
ERROR - 2016-07-21 15:52:35 --> 404 Page Not Found: Project/assets
ERROR - 2016-07-21 15:52:35 --> 404 Page Not Found: Project/assets
ERROR - 2016-07-21 15:52:35 --> 404 Page Not Found: Project/assets
ERROR - 2016-07-21 15:52:35 --> 404 Page Not Found: Project/assets
ERROR - 2016-07-21 15:52:35 --> 404 Page Not Found: Project/assets
ERROR - 2016-07-21 15:52:35 --> 404 Page Not Found: Project/assets
ERROR - 2016-07-21 15:52:35 --> 404 Page Not Found: Project/assets
ERROR - 2016-07-21 15:52:35 --> 404 Page Not Found: Project/assets
ERROR - 2016-07-21 15:52:35 --> 404 Page Not Found: Project/assets
ERROR - 2016-07-21 15:52:35 --> 404 Page Not Found: Project/assets
ERROR - 2016-07-21 15:52:35 --> 404 Page Not Found: Project/assets
ERROR - 2016-07-21 15:52:35 --> 404 Page Not Found: Project/assets
ERROR - 2016-07-21 15:52:35 --> 404 Page Not Found: Project/assets
ERROR - 2016-07-21 15:52:35 --> 404 Page Not Found: Project/assets
ERROR - 2016-07-21 15:52:35 --> 404 Page Not Found: Project/assets
ERROR - 2016-07-21 15:52:35 --> 404 Page Not Found: Project/assets
ERROR - 2016-07-21 15:52:35 --> 404 Page Not Found: Project/assets
ERROR - 2016-07-21 15:52:35 --> 404 Page Not Found: Project/assets
ERROR - 2016-07-21 15:52:35 --> 404 Page Not Found: Project/assets
ERROR - 2016-07-21 15:52:35 --> 404 Page Not Found: Project/assets
ERROR - 2016-07-21 15:52:35 --> 404 Page Not Found: Project/assets
ERROR - 2016-07-21 15:52:35 --> 404 Page Not Found: Project/assets
ERROR - 2016-07-21 15:52:35 --> 404 Page Not Found: Project/assets
ERROR - 2016-07-21 15:52:35 --> 404 Page Not Found: Project/assets
ERROR - 2016-07-21 15:52:35 --> 404 Page Not Found: Project/assets
ERROR - 2016-07-21 15:52:35 --> 404 Page Not Found: Project/assets
ERROR - 2016-07-21 15:52:35 --> 404 Page Not Found: Project/assets
ERROR - 2016-07-21 15:52:50 --> 404 Page Not Found: Project/assets
ERROR - 2016-07-21 15:52:50 --> 404 Page Not Found: Project/assets
ERROR - 2016-07-21 15:52:50 --> 404 Page Not Found: Project/assets
ERROR - 2016-07-21 15:52:50 --> 404 Page Not Found: Project/assets
ERROR - 2016-07-21 15:52:50 --> 404 Page Not Found: Project/assets
ERROR - 2016-07-21 15:52:50 --> 404 Page Not Found: Project/assets
ERROR - 2016-07-21 15:52:50 --> 404 Page Not Found: Project/assets
ERROR - 2016-07-21 15:52:50 --> 404 Page Not Found: Project/assets
ERROR - 2016-07-21 15:52:50 --> 404 Page Not Found: Project/assets
ERROR - 2016-07-21 15:52:50 --> 404 Page Not Found: Project/assets
ERROR - 2016-07-21 15:52:50 --> 404 Page Not Found: Project/assets
ERROR - 2016-07-21 15:52:50 --> 404 Page Not Found: Project/assets
ERROR - 2016-07-21 15:52:50 --> 404 Page Not Found: Project/assets
ERROR - 2016-07-21 15:52:50 --> 404 Page Not Found: Project/assets
ERROR - 2016-07-21 15:52:50 --> 404 Page Not Found: Project/assets
ERROR - 2016-07-21 15:52:50 --> 404 Page Not Found: Project/assets
ERROR - 2016-07-21 15:52:50 --> 404 Page Not Found: Project/assets
ERROR - 2016-07-21 15:52:50 --> 404 Page Not Found: Project/assets
ERROR - 2016-07-21 15:52:50 --> 404 Page Not Found: Project/assets
ERROR - 2016-07-21 15:52:50 --> 404 Page Not Found: Project/assets
ERROR - 2016-07-21 15:52:50 --> 404 Page Not Found: Project/assets
ERROR - 2016-07-21 15:52:50 --> 404 Page Not Found: Project/assets
ERROR - 2016-07-21 15:52:50 --> 404 Page Not Found: Project/assets
ERROR - 2016-07-21 15:52:50 --> 404 Page Not Found: Project/assets
ERROR - 2016-07-21 15:52:50 --> 404 Page Not Found: Project/assets
ERROR - 2016-07-21 15:52:50 --> 404 Page Not Found: Project/assets
ERROR - 2016-07-21 15:52:50 --> 404 Page Not Found: Project/assets
ERROR - 2016-07-21 15:52:50 --> 404 Page Not Found: Project/assets
ERROR - 2016-07-21 15:52:50 --> 404 Page Not Found: Project/assets
ERROR - 2016-07-21 15:52:50 --> 404 Page Not Found: Project/assets
ERROR - 2016-07-21 15:52:50 --> 404 Page Not Found: Project/assets
ERROR - 2016-07-21 15:52:50 --> 404 Page Not Found: Project/assets
ERROR - 2016-07-21 15:52:50 --> 404 Page Not Found: Project/assets
ERROR - 2016-07-21 15:53:21 --> 404 Page Not Found: Project/assets
ERROR - 2016-07-21 15:53:21 --> 404 Page Not Found: Project/assets
ERROR - 2016-07-21 15:53:21 --> 404 Page Not Found: Project/assets
ERROR - 2016-07-21 15:53:21 --> 404 Page Not Found: Project/assets
ERROR - 2016-07-21 15:53:21 --> 404 Page Not Found: Project/assets
ERROR - 2016-07-21 15:53:21 --> 404 Page Not Found: Project/assets
ERROR - 2016-07-21 15:53:21 --> 404 Page Not Found: Project/assets
ERROR - 2016-07-21 15:53:21 --> 404 Page Not Found: Project/assets
ERROR - 2016-07-21 15:53:21 --> 404 Page Not Found: Project/assets
ERROR - 2016-07-21 15:53:21 --> 404 Page Not Found: Project/assets
ERROR - 2016-07-21 15:53:21 --> 404 Page Not Found: Project/assets
ERROR - 2016-07-21 15:53:21 --> 404 Page Not Found: Project/assets
ERROR - 2016-07-21 15:53:21 --> 404 Page Not Found: Project/assets
ERROR - 2016-07-21 15:53:21 --> 404 Page Not Found: Project/assets
ERROR - 2016-07-21 15:53:21 --> 404 Page Not Found: Project/assets
ERROR - 2016-07-21 15:53:21 --> 404 Page Not Found: Project/assets
ERROR - 2016-07-21 15:53:21 --> 404 Page Not Found: Project/assets
ERROR - 2016-07-21 15:53:21 --> 404 Page Not Found: Project/assets
ERROR - 2016-07-21 15:53:21 --> 404 Page Not Found: Project/assets
ERROR - 2016-07-21 15:53:21 --> 404 Page Not Found: Project/assets
ERROR - 2016-07-21 15:53:21 --> 404 Page Not Found: Project/assets
ERROR - 2016-07-21 15:53:21 --> 404 Page Not Found: Project/assets
ERROR - 2016-07-21 15:53:21 --> 404 Page Not Found: Project/assets
ERROR - 2016-07-21 15:53:21 --> 404 Page Not Found: Project/assets
ERROR - 2016-07-21 15:53:21 --> 404 Page Not Found: Project/assets
ERROR - 2016-07-21 15:53:21 --> 404 Page Not Found: Project/assets
ERROR - 2016-07-21 15:53:21 --> 404 Page Not Found: Project/assets
ERROR - 2016-07-21 15:53:21 --> 404 Page Not Found: Project/assets
ERROR - 2016-07-21 15:53:21 --> 404 Page Not Found: Project/assets
ERROR - 2016-07-21 15:53:21 --> 404 Page Not Found: Project/assets
ERROR - 2016-07-21 15:53:21 --> 404 Page Not Found: Project/assets
ERROR - 2016-07-21 15:53:21 --> 404 Page Not Found: Project/assets
ERROR - 2016-07-21 15:53:21 --> 404 Page Not Found: Project/assets
ERROR - 2016-07-21 15:57:53 --> 404 Page Not Found: Project/assets
ERROR - 2016-07-21 15:57:53 --> 404 Page Not Found: Project/assets
ERROR - 2016-07-21 15:57:53 --> 404 Page Not Found: Project/assets
ERROR - 2016-07-21 15:57:53 --> 404 Page Not Found: Project/assets
ERROR - 2016-07-21 15:57:53 --> 404 Page Not Found: Project/assets
ERROR - 2016-07-21 15:57:53 --> 404 Page Not Found: Project/assets
ERROR - 2016-07-21 15:57:53 --> 404 Page Not Found: Project/assets
ERROR - 2016-07-21 15:57:53 --> 404 Page Not Found: Project/assets
ERROR - 2016-07-21 15:57:53 --> 404 Page Not Found: Project/assets
ERROR - 2016-07-21 15:57:53 --> 404 Page Not Found: Project/assets
ERROR - 2016-07-21 15:57:53 --> 404 Page Not Found: Project/assets
ERROR - 2016-07-21 15:57:53 --> 404 Page Not Found: Project/assets
ERROR - 2016-07-21 15:57:53 --> 404 Page Not Found: Project/assets
ERROR - 2016-07-21 15:57:53 --> 404 Page Not Found: Project/assets
ERROR - 2016-07-21 15:57:53 --> 404 Page Not Found: Project/assets
ERROR - 2016-07-21 15:57:53 --> 404 Page Not Found: Project/assets
ERROR - 2016-07-21 15:57:53 --> 404 Page Not Found: Project/assets
ERROR - 2016-07-21 15:57:53 --> 404 Page Not Found: Project/assets
ERROR - 2016-07-21 15:57:53 --> 404 Page Not Found: Project/assets
ERROR - 2016-07-21 15:57:53 --> 404 Page Not Found: Project/assets
ERROR - 2016-07-21 15:57:53 --> 404 Page Not Found: Project/assets
ERROR - 2016-07-21 15:57:53 --> 404 Page Not Found: Project/assets
ERROR - 2016-07-21 15:57:53 --> 404 Page Not Found: Project/assets
ERROR - 2016-07-21 15:57:53 --> 404 Page Not Found: Project/assets
ERROR - 2016-07-21 15:57:53 --> 404 Page Not Found: Project/assets
ERROR - 2016-07-21 15:57:53 --> 404 Page Not Found: Project/assets
ERROR - 2016-07-21 15:57:53 --> 404 Page Not Found: Project/assets
ERROR - 2016-07-21 15:57:53 --> 404 Page Not Found: Project/assets
ERROR - 2016-07-21 15:57:53 --> 404 Page Not Found: Project/assets
ERROR - 2016-07-21 15:57:53 --> 404 Page Not Found: Project/assets
ERROR - 2016-07-21 15:57:53 --> 404 Page Not Found: Project/assets
ERROR - 2016-07-21 15:59:29 --> 404 Page Not Found: Ballisticpublishingcom/books
ERROR - 2016-07-21 15:59:29 --> 404 Page Not Found: Project/assets
ERROR - 2016-07-21 15:59:29 --> 404 Page Not Found: Project/assets
ERROR - 2016-07-21 15:59:29 --> 404 Page Not Found: Project/assets
ERROR - 2016-07-21 15:59:30 --> 404 Page Not Found: Project/assets
ERROR - 2016-07-21 15:59:30 --> 404 Page Not Found: Project/assets
ERROR - 2016-07-21 15:59:30 --> 404 Page Not Found: Project/assets
ERROR - 2016-07-21 15:59:30 --> 404 Page Not Found: Project/assets
ERROR - 2016-07-21 15:59:30 --> 404 Page Not Found: Project/assets
ERROR - 2016-07-21 15:59:30 --> 404 Page Not Found: Project/assets
ERROR - 2016-07-21 15:59:30 --> 404 Page Not Found: Project/assets
ERROR - 2016-07-21 15:59:30 --> 404 Page Not Found: Project/assets
ERROR - 2016-07-21 15:59:30 --> 404 Page Not Found: Project/assets
ERROR - 2016-07-21 15:59:30 --> 404 Page Not Found: Project/assets
ERROR - 2016-07-21 15:59:30 --> 404 Page Not Found: Project/assets
ERROR - 2016-07-21 15:59:30 --> 404 Page Not Found: Project/assets
ERROR - 2016-07-21 15:59:30 --> 404 Page Not Found: Project/assets
ERROR - 2016-07-21 15:59:30 --> 404 Page Not Found: Project/assets
ERROR - 2016-07-21 15:59:30 --> 404 Page Not Found: Project/assets
ERROR - 2016-07-21 15:59:30 --> 404 Page Not Found: Project/assets
ERROR - 2016-07-21 15:59:30 --> 404 Page Not Found: Project/assets
ERROR - 2016-07-21 15:59:30 --> 404 Page Not Found: Project/assets
ERROR - 2016-07-21 15:59:30 --> 404 Page Not Found: Project/assets
ERROR - 2016-07-21 15:59:30 --> 404 Page Not Found: Project/assets
ERROR - 2016-07-21 15:59:30 --> 404 Page Not Found: Project/assets
ERROR - 2016-07-21 15:59:30 --> 404 Page Not Found: Project/assets
ERROR - 2016-07-21 15:59:30 --> 404 Page Not Found: Project/assets
ERROR - 2016-07-21 15:59:30 --> 404 Page Not Found: Project/assets
ERROR - 2016-07-21 15:59:30 --> 404 Page Not Found: Project/assets
ERROR - 2016-07-21 15:59:30 --> 404 Page Not Found: Project/assets
ERROR - 2016-07-21 15:59:30 --> 404 Page Not Found: Project/assets
ERROR - 2016-07-21 15:59:30 --> 404 Page Not Found: Project/assets
ERROR - 2016-07-21 15:59:30 --> 404 Page Not Found: Ballisticpublishingcom/books
ERROR - 2016-07-21 15:59:30 --> 404 Page Not Found: Project/assets
ERROR - 2016-07-21 07:57:35 --> Severity: Warning --> Illegal string offset 'project_reward_id' /var/www/vhosts/cg/application/models/Project_rewards_model.php 54
ERROR - 2016-07-21 07:57:35 --> Severity: Warning --> Illegal string offset 'sold' /var/www/vhosts/cg/application/models/Project_rewards_model.php 54
ERROR - 2016-07-21 07:57:35 --> Severity: Warning --> Illegal string offset 'project_reward_id' /var/www/vhosts/cg/application/models/Project_rewards_model.php 54
ERROR - 2016-07-21 07:57:35 --> Severity: Warning --> Illegal string offset 'sold' /var/www/vhosts/cg/application/models/Project_rewards_model.php 54
ERROR - 2016-07-21 07:57:35 --> Severity: Warning --> Illegal string offset 'project_reward_id' /var/www/vhosts/cg/application/models/Project_rewards_model.php 54
ERROR - 2016-07-21 07:57:35 --> Severity: Warning --> Illegal string offset 'sold' /var/www/vhosts/cg/application/models/Project_rewards_model.php 54
ERROR - 2016-07-21 07:57:35 --> Severity: Warning --> Illegal string offset 'project_reward_id' /var/www/vhosts/cg/application/models/Project_rewards_model.php 54
ERROR - 2016-07-21 07:57:35 --> Severity: Warning --> Illegal string offset 'sold' /var/www/vhosts/cg/application/models/Project_rewards_model.php 54
ERROR - 2016-07-21 07:57:35 --> Severity: Warning --> Illegal string offset 'project_reward_id' /var/www/vhosts/cg/application/models/Project_rewards_model.php 54
ERROR - 2016-07-21 07:57:35 --> Severity: Warning --> Illegal string offset 'sold' /var/www/vhosts/cg/application/models/Project_rewards_model.php 54
ERROR - 2016-07-21 07:57:35 --> Severity: Warning --> Illegal string offset 'project_reward_id' /var/www/vhosts/cg/application/models/Project_rewards_model.php 54
ERROR - 2016-07-21 07:57:35 --> Severity: Warning --> Illegal string offset 'sold' /var/www/vhosts/cg/application/models/Project_rewards_model.php 54
ERROR - 2016-07-21 07:57:35 --> Severity: Warning --> Illegal string offset 'project_reward_id' /var/www/vhosts/cg/application/models/Project_rewards_model.php 54
ERROR - 2016-07-21 07:57:35 --> Severity: Warning --> Illegal string offset 'sold' /var/www/vhosts/cg/application/models/Project_rewards_model.php 54
ERROR - 2016-07-21 07:57:35 --> Severity: Warning --> Illegal string offset 'project_reward_id' /var/www/vhosts/cg/application/models/Project_rewards_model.php 54
ERROR - 2016-07-21 07:57:35 --> Severity: Warning --> Illegal string offset 'sold' /var/www/vhosts/cg/application/models/Project_rewards_model.php 54
ERROR - 2016-07-21 07:57:35 --> Severity: Warning --> Illegal string offset 'project_reward_id' /var/www/vhosts/cg/application/models/Project_rewards_model.php 54
ERROR - 2016-07-21 07:57:35 --> Severity: Warning --> Illegal string offset 'sold' /var/www/vhosts/cg/application/models/Project_rewards_model.php 54
ERROR - 2016-07-21 07:57:35 --> Severity: Warning --> Illegal string offset 'project_reward_id' /var/www/vhosts/cg/application/models/Project_rewards_model.php 54
ERROR - 2016-07-21 07:57:35 --> Severity: Warning --> Illegal string offset 'sold' /var/www/vhosts/cg/application/models/Project_rewards_model.php 54
ERROR - 2016-07-21 07:57:35 --> Severity: Warning --> Illegal string offset 'project_reward_id' /var/www/vhosts/cg/application/models/Project_rewards_model.php 54
ERROR - 2016-07-21 07:57:35 --> Severity: Warning --> Illegal string offset 'sold' /var/www/vhosts/cg/application/models/Project_rewards_model.php 54
ERROR - 2016-07-21 07:57:35 --> Severity: Warning --> Illegal string offset 'project_reward_id' /var/www/vhosts/cg/application/models/Project_rewards_model.php 54
ERROR - 2016-07-21 07:57:35 --> Severity: Warning --> Illegal string offset 'sold' /var/www/vhosts/cg/application/models/Project_rewards_model.php 54
ERROR - 2016-07-21 07:57:35 --> Severity: Warning --> Illegal string offset 'project_reward_id' /var/www/vhosts/cg/application/models/Project_rewards_model.php 54
ERROR - 2016-07-21 07:57:35 --> Severity: Warning --> Illegal string offset 'sold' /var/www/vhosts/cg/application/models/Project_rewards_model.php 54
ERROR - 2016-07-21 07:57:35 --> Severity: Warning --> Illegal string offset 'project_reward_id' /var/www/vhosts/cg/application/models/Project_rewards_model.php 54
ERROR - 2016-07-21 07:57:35 --> Severity: Warning --> Illegal string offset 'sold' /var/www/vhosts/cg/application/models/Project_rewards_model.php 54
ERROR - 2016-07-21 07:57:35 --> Severity: Warning --> Illegal string offset 'project_reward_id' /var/www/vhosts/cg/application/models/Project_rewards_model.php 54
ERROR - 2016-07-21 07:57:35 --> Severity: Warning --> Illegal string offset 'sold' /var/www/vhosts/cg/application/models/Project_rewards_model.php 54
ERROR - 2016-07-21 07:57:35 --> Severity: Warning --> Illegal string offset 'project_reward_id' /var/www/vhosts/cg/application/models/Project_rewards_model.php 54
ERROR - 2016-07-21 07:57:35 --> Severity: Warning --> Illegal string offset 'sold' /var/www/vhosts/cg/application/models/Project_rewards_model.php 54
ERROR - 2016-07-21 07:57:35 --> Severity: Warning --> Illegal string offset 'project_reward_id' /var/www/vhosts/cg/application/models/Project_rewards_model.php 54
ERROR - 2016-07-21 07:57:35 --> Severity: Warning --> Illegal string offset 'sold' /var/www/vhosts/cg/application/models/Project_rewards_model.php 54
ERROR - 2016-07-21 07:57:35 --> Severity: Warning --> Illegal string offset 'project_reward_id' /var/www/vhosts/cg/application/models/Project_rewards_model.php 54
ERROR - 2016-07-21 07:57:35 --> Severity: Warning --> Illegal string offset 'sold' /var/www/vhosts/cg/application/models/Project_rewards_model.php 54
ERROR - 2016-07-21 16:27:35 --> 404 Page Not Found: Cart/0themes
ERROR - 2016-07-21 16:27:35 --> 404 Page Not Found: Cart/0themes
ERROR - 2016-07-21 07:59:58 --> Severity: Warning --> Illegal string offset 'project_reward_id' /var/www/vhosts/cg/application/models/Project_rewards_model.php 56
ERROR - 2016-07-21 07:59:58 --> Severity: Warning --> Illegal string offset 'sold' /var/www/vhosts/cg/application/models/Project_rewards_model.php 56
ERROR - 2016-07-21 07:59:58 --> Severity: Warning --> Illegal string offset 'project_reward_id' /var/www/vhosts/cg/application/models/Project_rewards_model.php 56
ERROR - 2016-07-21 07:59:58 --> Severity: Warning --> Illegal string offset 'sold' /var/www/vhosts/cg/application/models/Project_rewards_model.php 56
ERROR - 2016-07-21 07:59:58 --> Severity: Warning --> Illegal string offset 'project_reward_id' /var/www/vhosts/cg/application/models/Project_rewards_model.php 56
ERROR - 2016-07-21 07:59:58 --> Severity: Warning --> Illegal string offset 'sold' /var/www/vhosts/cg/application/models/Project_rewards_model.php 56
ERROR - 2016-07-21 07:59:58 --> Severity: Warning --> Illegal string offset 'project_reward_id' /var/www/vhosts/cg/application/models/Project_rewards_model.php 56
ERROR - 2016-07-21 07:59:58 --> Severity: Warning --> Illegal string offset 'sold' /var/www/vhosts/cg/application/models/Project_rewards_model.php 56
ERROR - 2016-07-21 07:59:58 --> Severity: Warning --> Illegal string offset 'project_reward_id' /var/www/vhosts/cg/application/models/Project_rewards_model.php 56
ERROR - 2016-07-21 07:59:58 --> Severity: Warning --> Illegal string offset 'sold' /var/www/vhosts/cg/application/models/Project_rewards_model.php 56
ERROR - 2016-07-21 07:59:58 --> Severity: Warning --> Illegal string offset 'project_reward_id' /var/www/vhosts/cg/application/models/Project_rewards_model.php 56
ERROR - 2016-07-21 07:59:58 --> Severity: Warning --> Illegal string offset 'sold' /var/www/vhosts/cg/application/models/Project_rewards_model.php 56
ERROR - 2016-07-21 07:59:58 --> Severity: Warning --> Illegal string offset 'project_reward_id' /var/www/vhosts/cg/application/models/Project_rewards_model.php 56
ERROR - 2016-07-21 07:59:58 --> Severity: Warning --> Illegal string offset 'sold' /var/www/vhosts/cg/application/models/Project_rewards_model.php 56
ERROR - 2016-07-21 07:59:58 --> Severity: Warning --> Illegal string offset 'project_reward_id' /var/www/vhosts/cg/application/models/Project_rewards_model.php 56
ERROR - 2016-07-21 07:59:58 --> Severity: Warning --> Illegal string offset 'sold' /var/www/vhosts/cg/application/models/Project_rewards_model.php 56
ERROR - 2016-07-21 07:59:58 --> Severity: Warning --> Illegal string offset 'project_reward_id' /var/www/vhosts/cg/application/models/Project_rewards_model.php 56
ERROR - 2016-07-21 07:59:58 --> Severity: Warning --> Illegal string offset 'sold' /var/www/vhosts/cg/application/models/Project_rewards_model.php 56
ERROR - 2016-07-21 07:59:58 --> Severity: Warning --> Illegal string offset 'project_reward_id' /var/www/vhosts/cg/application/models/Project_rewards_model.php 56
ERROR - 2016-07-21 07:59:58 --> Severity: Warning --> Illegal string offset 'sold' /var/www/vhosts/cg/application/models/Project_rewards_model.php 56
ERROR - 2016-07-21 07:59:58 --> Severity: Warning --> Illegal string offset 'project_reward_id' /var/www/vhosts/cg/application/models/Project_rewards_model.php 56
ERROR - 2016-07-21 07:59:58 --> Severity: Warning --> Illegal string offset 'sold' /var/www/vhosts/cg/application/models/Project_rewards_model.php 56
ERROR - 2016-07-21 07:59:58 --> Severity: Warning --> Illegal string offset 'project_reward_id' /var/www/vhosts/cg/application/models/Project_rewards_model.php 56
ERROR - 2016-07-21 07:59:58 --> Severity: Warning --> Illegal string offset 'sold' /var/www/vhosts/cg/application/models/Project_rewards_model.php 56
ERROR - 2016-07-21 07:59:58 --> Severity: Warning --> Illegal string offset 'project_reward_id' /var/www/vhosts/cg/application/models/Project_rewards_model.php 56
ERROR - 2016-07-21 07:59:58 --> Severity: Warning --> Illegal string offset 'sold' /var/www/vhosts/cg/application/models/Project_rewards_model.php 56
ERROR - 2016-07-21 07:59:58 --> Severity: Warning --> Illegal string offset 'project_reward_id' /var/www/vhosts/cg/application/models/Project_rewards_model.php 56
ERROR - 2016-07-21 07:59:58 --> Severity: Warning --> Illegal string offset 'sold' /var/www/vhosts/cg/application/models/Project_rewards_model.php 56
ERROR - 2016-07-21 07:59:58 --> Severity: Warning --> Illegal string offset 'project_reward_id' /var/www/vhosts/cg/application/models/Project_rewards_model.php 56
ERROR - 2016-07-21 07:59:58 --> Severity: Warning --> Illegal string offset 'sold' /var/www/vhosts/cg/application/models/Project_rewards_model.php 56
ERROR - 2016-07-21 07:59:58 --> Severity: Warning --> Illegal string offset 'project_reward_id' /var/www/vhosts/cg/application/models/Project_rewards_model.php 56
ERROR - 2016-07-21 07:59:58 --> Severity: Warning --> Illegal string offset 'sold' /var/www/vhosts/cg/application/models/Project_rewards_model.php 56
ERROR - 2016-07-21 07:59:58 --> Severity: Warning --> Illegal string offset 'project_reward_id' /var/www/vhosts/cg/application/models/Project_rewards_model.php 56
ERROR - 2016-07-21 07:59:58 --> Severity: Warning --> Illegal string offset 'sold' /var/www/vhosts/cg/application/models/Project_rewards_model.php 56
ERROR - 2016-07-21 07:59:58 --> Severity: Warning --> Illegal string offset 'project_reward_id' /var/www/vhosts/cg/application/models/Project_rewards_model.php 56
ERROR - 2016-07-21 07:59:58 --> Severity: Warning --> Illegal string offset 'sold' /var/www/vhosts/cg/application/models/Project_rewards_model.php 56
ERROR - 2016-07-21 16:29:58 --> 404 Page Not Found: Cart/0themes
ERROR - 2016-07-21 16:29:59 --> 404 Page Not Found: Cart/0themes
ERROR - 2016-07-21 08:01:31 --> Severity: Parsing Error --> syntax error, unexpected ')' /var/www/vhosts/cg/application/models/Project_rewards_model.php 37
ERROR - 2016-07-21 08:01:46 --> Severity: Warning --> Illegal string offset 'project_reward_id' /var/www/vhosts/cg/application/models/Project_rewards_model.php 56
ERROR - 2016-07-21 08:01:46 --> Severity: Warning --> Illegal string offset 'sold' /var/www/vhosts/cg/application/models/Project_rewards_model.php 56
ERROR - 2016-07-21 08:01:46 --> Severity: Warning --> Illegal string offset 'project_reward_id' /var/www/vhosts/cg/application/models/Project_rewards_model.php 56
ERROR - 2016-07-21 08:01:46 --> Severity: Warning --> Illegal string offset 'sold' /var/www/vhosts/cg/application/models/Project_rewards_model.php 56
ERROR - 2016-07-21 08:01:46 --> Severity: Warning --> Illegal string offset 'project_reward_id' /var/www/vhosts/cg/application/models/Project_rewards_model.php 56
ERROR - 2016-07-21 08:01:46 --> Severity: Warning --> Illegal string offset 'sold' /var/www/vhosts/cg/application/models/Project_rewards_model.php 56
ERROR - 2016-07-21 08:01:46 --> Severity: Warning --> Illegal string offset 'project_reward_id' /var/www/vhosts/cg/application/models/Project_rewards_model.php 56
ERROR - 2016-07-21 08:01:46 --> Severity: Warning --> Illegal string offset 'sold' /var/www/vhosts/cg/application/models/Project_rewards_model.php 56
ERROR - 2016-07-21 08:01:46 --> Severity: Warning --> Illegal string offset 'project_reward_id' /var/www/vhosts/cg/application/models/Project_rewards_model.php 56
ERROR - 2016-07-21 08:01:46 --> Severity: Warning --> Illegal string offset 'sold' /var/www/vhosts/cg/application/models/Project_rewards_model.php 56
ERROR - 2016-07-21 08:01:46 --> Severity: Warning --> Illegal string offset 'project_reward_id' /var/www/vhosts/cg/application/models/Project_rewards_model.php 56
ERROR - 2016-07-21 08:01:46 --> Severity: Warning --> Illegal string offset 'sold' /var/www/vhosts/cg/application/models/Project_rewards_model.php 56
ERROR - 2016-07-21 08:01:46 --> Severity: Warning --> Illegal string offset 'project_reward_id' /var/www/vhosts/cg/application/models/Project_rewards_model.php 56
ERROR - 2016-07-21 08:01:46 --> Severity: Warning --> Illegal string offset 'sold' /var/www/vhosts/cg/application/models/Project_rewards_model.php 56
ERROR - 2016-07-21 08:01:46 --> Severity: Warning --> Illegal string offset 'project_reward_id' /var/www/vhosts/cg/application/models/Project_rewards_model.php 56
ERROR - 2016-07-21 08:01:46 --> Severity: Warning --> Illegal string offset 'sold' /var/www/vhosts/cg/application/models/Project_rewards_model.php 56
ERROR - 2016-07-21 08:01:46 --> Severity: Warning --> Illegal string offset 'project_reward_id' /var/www/vhosts/cg/application/models/Project_rewards_model.php 56
ERROR - 2016-07-21 08:01:46 --> Severity: Warning --> Illegal string offset 'sold' /var/www/vhosts/cg/application/models/Project_rewards_model.php 56
ERROR - 2016-07-21 08:01:46 --> Severity: Warning --> Illegal string offset 'project_reward_id' /var/www/vhosts/cg/application/models/Project_rewards_model.php 56
ERROR - 2016-07-21 08:01:46 --> Severity: Warning --> Illegal string offset 'sold' /var/www/vhosts/cg/application/models/Project_rewards_model.php 56
ERROR - 2016-07-21 08:01:46 --> Severity: Warning --> Illegal string offset 'project_reward_id' /var/www/vhosts/cg/application/models/Project_rewards_model.php 56
ERROR - 2016-07-21 08:01:46 --> Severity: Warning --> Illegal string offset 'sold' /var/www/vhosts/cg/application/models/Project_rewards_model.php 56
ERROR - 2016-07-21 08:01:46 --> Severity: Warning --> Illegal string offset 'project_reward_id' /var/www/vhosts/cg/application/models/Project_rewards_model.php 56
ERROR - 2016-07-21 08:01:46 --> Severity: Warning --> Illegal string offset 'sold' /var/www/vhosts/cg/application/models/Project_rewards_model.php 56
ERROR - 2016-07-21 08:01:46 --> Severity: Warning --> Illegal string offset 'project_reward_id' /var/www/vhosts/cg/application/models/Project_rewards_model.php 56
ERROR - 2016-07-21 08:01:46 --> Severity: Warning --> Illegal string offset 'sold' /var/www/vhosts/cg/application/models/Project_rewards_model.php 56
ERROR - 2016-07-21 08:01:46 --> Severity: Warning --> Illegal string offset 'project_reward_id' /var/www/vhosts/cg/application/models/Project_rewards_model.php 56
ERROR - 2016-07-21 08:01:46 --> Severity: Warning --> Illegal string offset 'sold' /var/www/vhosts/cg/application/models/Project_rewards_model.php 56
ERROR - 2016-07-21 08:01:46 --> Severity: Warning --> Illegal string offset 'project_reward_id' /var/www/vhosts/cg/application/models/Project_rewards_model.php 56
ERROR - 2016-07-21 08:01:46 --> Severity: Warning --> Illegal string offset 'sold' /var/www/vhosts/cg/application/models/Project_rewards_model.php 56
ERROR - 2016-07-21 08:01:46 --> Severity: Warning --> Illegal string offset 'project_reward_id' /var/www/vhosts/cg/application/models/Project_rewards_model.php 56
ERROR - 2016-07-21 08:01:46 --> Severity: Warning --> Illegal string offset 'sold' /var/www/vhosts/cg/application/models/Project_rewards_model.php 56
ERROR - 2016-07-21 08:01:46 --> Severity: Warning --> Illegal string offset 'project_reward_id' /var/www/vhosts/cg/application/models/Project_rewards_model.php 56
ERROR - 2016-07-21 08:01:46 --> Severity: Warning --> Illegal string offset 'sold' /var/www/vhosts/cg/application/models/Project_rewards_model.php 56
ERROR - 2016-07-21 08:01:46 --> Severity: Warning --> Illegal string offset 'project_reward_id' /var/www/vhosts/cg/application/models/Project_rewards_model.php 56
ERROR - 2016-07-21 08:01:46 --> Severity: Warning --> Illegal string offset 'sold' /var/www/vhosts/cg/application/models/Project_rewards_model.php 56
ERROR - 2016-07-21 16:31:46 --> 404 Page Not Found: Cart/0themes
ERROR - 2016-07-21 16:31:47 --> 404 Page Not Found: Cart/0themes
ERROR - 2016-07-21 08:05:20 --> Severity: Parsing Error --> syntax error, unexpected ';' /var/www/vhosts/cg/application/views/cart/index.php 64
ERROR - 2016-07-21 08:06:16 --> Severity: Notice --> Undefined index: shipping /var/www/vhosts/cg/application/views/cart/index.php 63
ERROR - 2016-07-21 08:06:16 --> Severity: Notice --> Undefined index: shipping /var/www/vhosts/cg/application/views/cart/index.php 64
ERROR - 2016-07-21 08:08:42 --> Severity: Notice --> Undefined index: project_id /var/www/vhosts/cg/application/controllers/Project.php 39
ERROR - 2016-07-21 08:08:42 --> Severity: Notice --> Undefined index: project_id /var/www/vhosts/cg/application/controllers/Project.php 40
ERROR - 2016-07-21 08:08:42 --> Severity: Notice --> Undefined index: project_id /var/www/vhosts/cg/application/controllers/Project.php 41
ERROR - 2016-07-21 08:08:42 --> Severity: Notice --> Undefined index: project_id /var/www/vhosts/cg/application/controllers/Project.php 42
ERROR - 2016-07-21 08:08:42 --> Severity: Notice --> Undefined index: project_id /var/www/vhosts/cg/application/controllers/Project.php 43
ERROR - 2016-07-21 08:08:42 --> Severity: Warning --> Division by zero /var/www/vhosts/cg/application/models/Projects_model.php 131
ERROR - 2016-07-21 08:08:42 --> Severity: Notice --> Undefined index: project_id /var/www/vhosts/cg/application/controllers/Project.php 44
ERROR - 2016-07-21 08:08:42 --> Severity: Notice --> Undefined index: title /var/www/vhosts/cg/application/controllers/Project.php 48
ERROR - 2016-07-21 08:08:42 --> Severity: Notice --> Undefined index: title /var/www/vhosts/cg/application/views/project/project_view.php 13
ERROR - 2016-07-21 08:08:42 --> Severity: Notice --> Undefined index: title /var/www/vhosts/cg/application/views/project/project_view.php 46
ERROR - 2016-07-21 08:08:42 --> Severity: Notice --> Undefined index: description /var/www/vhosts/cg/application/views/project/project_view.php 66
ERROR - 2016-07-21 08:08:42 --> Severity: Notice --> Undefined index: url_facebook /var/www/vhosts/cg/application/views/project/project_view.php 241
ERROR - 2016-07-21 08:08:42 --> Severity: Notice --> Undefined index: url_google /var/www/vhosts/cg/application/views/project/project_view.php 241
ERROR - 2016-07-21 08:08:42 --> Severity: Notice --> Undefined index: url_pinterest /var/www/vhosts/cg/application/views/project/project_view.php 241
ERROR - 2016-07-21 08:08:42 --> Severity: Notice --> Undefined index: url_twitter /var/www/vhosts/cg/application/views/project/project_view.php 241
ERROR - 2016-07-21 08:08:42 --> Severity: Notice --> Undefined index: url_instagram /var/www/vhosts/cg/application/views/project/project_view.php 241
ERROR - 2016-07-21 08:08:42 --> Severity: Notice --> Undefined index: goal /var/www/vhosts/cg/application/views/project/project_view.php 281
ERROR - 2016-07-21 08:08:52 --> Severity: Notice --> Undefined index: project_id /var/www/vhosts/cg/application/controllers/Project.php 39
ERROR - 2016-07-21 08:08:52 --> Severity: Notice --> Undefined index: project_id /var/www/vhosts/cg/application/controllers/Project.php 40
ERROR - 2016-07-21 08:08:52 --> Severity: Notice --> Undefined index: project_id /var/www/vhosts/cg/application/controllers/Project.php 41
ERROR - 2016-07-21 08:08:52 --> Severity: Notice --> Undefined index: project_id /var/www/vhosts/cg/application/controllers/Project.php 42
ERROR - 2016-07-21 08:08:52 --> Severity: Notice --> Undefined index: project_id /var/www/vhosts/cg/application/controllers/Project.php 43
ERROR - 2016-07-21 08:08:52 --> Severity: Warning --> Division by zero /var/www/vhosts/cg/application/models/Projects_model.php 131
ERROR - 2016-07-21 08:08:52 --> Severity: Notice --> Undefined index: project_id /var/www/vhosts/cg/application/controllers/Project.php 44
ERROR - 2016-07-21 08:08:52 --> Severity: Notice --> Undefined index: title /var/www/vhosts/cg/application/controllers/Project.php 48
ERROR - 2016-07-21 08:08:52 --> Severity: Notice --> Undefined index: title /var/www/vhosts/cg/application/views/project/project_view.php 13
ERROR - 2016-07-21 08:08:52 --> Severity: Notice --> Undefined index: title /var/www/vhosts/cg/application/views/project/project_view.php 46
ERROR - 2016-07-21 08:08:52 --> Severity: Notice --> Undefined index: description /var/www/vhosts/cg/application/views/project/project_view.php 66
ERROR - 2016-07-21 08:08:52 --> Severity: Notice --> Undefined index: url_facebook /var/www/vhosts/cg/application/views/project/project_view.php 241
ERROR - 2016-07-21 08:08:52 --> Severity: Notice --> Undefined index: url_google /var/www/vhosts/cg/application/views/project/project_view.php 241
ERROR - 2016-07-21 08:08:52 --> Severity: Notice --> Undefined index: url_pinterest /var/www/vhosts/cg/application/views/project/project_view.php 241
ERROR - 2016-07-21 08:08:52 --> Severity: Notice --> Undefined index: url_twitter /var/www/vhosts/cg/application/views/project/project_view.php 241
ERROR - 2016-07-21 08:08:52 --> Severity: Notice --> Undefined index: url_instagram /var/www/vhosts/cg/application/views/project/project_view.php 241
ERROR - 2016-07-21 08:08:52 --> Severity: Notice --> Undefined index: goal /var/www/vhosts/cg/application/views/project/project_view.php 281
ERROR - 2016-07-21 08:17:26 --> Severity: Notice --> Undefined index: shipping /var/www/vhosts/cg/application/views/cart/index.php 62
ERROR - 2016-07-21 08:17:26 --> Severity: Notice --> Undefined index: shipping /var/www/vhosts/cg/application/views/cart/index.php 69
ERROR - 2016-07-21 08:17:32 --> Severity: Notice --> Undefined index: shipping /var/www/vhosts/cg/application/views/cart/index.php 62
ERROR - 2016-07-21 08:17:32 --> Severity: Notice --> Undefined index: shipping /var/www/vhosts/cg/application/views/cart/index.php 69
ERROR - 2016-07-21 08:17:37 --> Severity: Notice --> Undefined index: shipping /var/www/vhosts/cg/application/views/cart/index.php 62
ERROR - 2016-07-21 08:17:37 --> Severity: Notice --> Undefined index: shipping /var/www/vhosts/cg/application/views/cart/index.php 69
ERROR - 2016-07-21 08:17:42 --> Severity: Notice --> Undefined index: project_id /var/www/vhosts/cg/application/controllers/Project.php 39
ERROR - 2016-07-21 08:17:42 --> Severity: Notice --> Undefined index: project_id /var/www/vhosts/cg/application/controllers/Project.php 40
ERROR - 2016-07-21 08:17:42 --> Severity: Notice --> Undefined index: project_id /var/www/vhosts/cg/application/controllers/Project.php 41
ERROR - 2016-07-21 08:17:42 --> Severity: Notice --> Undefined index: project_id /var/www/vhosts/cg/application/controllers/Project.php 42
ERROR - 2016-07-21 08:17:42 --> Severity: Notice --> Undefined index: project_id /var/www/vhosts/cg/application/controllers/Project.php 43
ERROR - 2016-07-21 08:17:42 --> Severity: Warning --> Division by zero /var/www/vhosts/cg/application/models/Projects_model.php 131
ERROR - 2016-07-21 08:17:42 --> Severity: Notice --> Undefined index: project_id /var/www/vhosts/cg/application/controllers/Project.php 44
ERROR - 2016-07-21 08:17:42 --> Severity: Notice --> Undefined index: title /var/www/vhosts/cg/application/controllers/Project.php 48
ERROR - 2016-07-21 08:17:42 --> Severity: Notice --> Undefined index: title /var/www/vhosts/cg/application/views/project/project_view.php 13
ERROR - 2016-07-21 08:17:42 --> Severity: Notice --> Undefined index: title /var/www/vhosts/cg/application/views/project/project_view.php 46
ERROR - 2016-07-21 08:17:42 --> Severity: Notice --> Undefined index: description /var/www/vhosts/cg/application/views/project/project_view.php 66
ERROR - 2016-07-21 08:17:42 --> Severity: Notice --> Undefined index: url_facebook /var/www/vhosts/cg/application/views/project/project_view.php 241
ERROR - 2016-07-21 08:17:42 --> Severity: Notice --> Undefined index: url_google /var/www/vhosts/cg/application/views/project/project_view.php 241
ERROR - 2016-07-21 08:17:42 --> Severity: Notice --> Undefined index: url_pinterest /var/www/vhosts/cg/application/views/project/project_view.php 241
ERROR - 2016-07-21 08:17:42 --> Severity: Notice --> Undefined index: url_twitter /var/www/vhosts/cg/application/views/project/project_view.php 241
ERROR - 2016-07-21 08:17:42 --> Severity: Notice --> Undefined index: url_instagram /var/www/vhosts/cg/application/views/project/project_view.php 241
ERROR - 2016-07-21 08:17:42 --> Severity: Notice --> Undefined index: goal /var/www/vhosts/cg/application/views/project/project_view.php 281
ERROR - 2016-07-21 08:17:49 --> Severity: Notice --> Undefined index: shipping /var/www/vhosts/cg/application/views/cart/index.php 62
ERROR - 2016-07-21 08:17:49 --> Severity: Notice --> Undefined index: shipping /var/www/vhosts/cg/application/views/cart/index.php 69
ERROR - 2016-07-21 08:19:22 --> Severity: Notice --> Undefined index: project_id /var/www/vhosts/cg/application/controllers/Project.php 39
ERROR - 2016-07-21 08:19:22 --> Severity: Notice --> Undefined index: project_id /var/www/vhosts/cg/application/controllers/Project.php 40
ERROR - 2016-07-21 08:19:22 --> Severity: Notice --> Undefined index: project_id /var/www/vhosts/cg/application/controllers/Project.php 41
ERROR - 2016-07-21 08:19:22 --> Severity: Notice --> Undefined index: project_id /var/www/vhosts/cg/application/controllers/Project.php 42
ERROR - 2016-07-21 08:19:22 --> Severity: Notice --> Undefined index: project_id /var/www/vhosts/cg/application/controllers/Project.php 43
ERROR - 2016-07-21 08:19:22 --> Severity: Warning --> Division by zero /var/www/vhosts/cg/application/models/Projects_model.php 131
ERROR - 2016-07-21 08:19:22 --> Severity: Notice --> Undefined index: project_id /var/www/vhosts/cg/application/controllers/Project.php 44
ERROR - 2016-07-21 08:19:22 --> Severity: Notice --> Undefined index: title /var/www/vhosts/cg/application/controllers/Project.php 48
ERROR - 2016-07-21 08:19:22 --> Severity: Notice --> Undefined index: title /var/www/vhosts/cg/application/views/project/project_view.php 13
ERROR - 2016-07-21 08:19:22 --> Severity: Notice --> Undefined index: title /var/www/vhosts/cg/application/views/project/project_view.php 46
ERROR - 2016-07-21 08:19:22 --> Severity: Notice --> Undefined index: description /var/www/vhosts/cg/application/views/project/project_view.php 66
ERROR - 2016-07-21 08:19:22 --> Severity: Notice --> Undefined index: url_facebook /var/www/vhosts/cg/application/views/project/project_view.php 241
ERROR - 2016-07-21 08:19:22 --> Severity: Notice --> Undefined index: url_google /var/www/vhosts/cg/application/views/project/project_view.php 241
ERROR - 2016-07-21 08:19:22 --> Severity: Notice --> Undefined index: url_pinterest /var/www/vhosts/cg/application/views/project/project_view.php 241
ERROR - 2016-07-21 08:19:22 --> Severity: Notice --> Undefined index: url_twitter /var/www/vhosts/cg/application/views/project/project_view.php 241
ERROR - 2016-07-21 08:19:22 --> Severity: Notice --> Undefined index: url_instagram /var/www/vhosts/cg/application/views/project/project_view.php 241
ERROR - 2016-07-21 08:19:22 --> Severity: Notice --> Undefined index: goal /var/www/vhosts/cg/application/views/project/project_view.php 281
ERROR - 2016-07-21 08:25:16 --> Severity: Notice --> Undefined index: project_id /var/www/vhosts/cg/application/controllers/Project.php 39
ERROR - 2016-07-21 08:25:16 --> Severity: Notice --> Undefined index: project_id /var/www/vhosts/cg/application/controllers/Project.php 40
ERROR - 2016-07-21 08:25:16 --> Severity: Notice --> Undefined index: project_id /var/www/vhosts/cg/application/controllers/Project.php 41
ERROR - 2016-07-21 08:25:16 --> Severity: Notice --> Undefined index: project_id /var/www/vhosts/cg/application/controllers/Project.php 42
ERROR - 2016-07-21 08:25:16 --> Severity: Notice --> Undefined index: project_id /var/www/vhosts/cg/application/controllers/Project.php 43
ERROR - 2016-07-21 08:25:16 --> Severity: Warning --> Division by zero /var/www/vhosts/cg/application/models/Projects_model.php 131
ERROR - 2016-07-21 08:25:16 --> Severity: Notice --> Undefined index: project_id /var/www/vhosts/cg/application/controllers/Project.php 44
ERROR - 2016-07-21 08:25:16 --> Severity: Notice --> Undefined index: title /var/www/vhosts/cg/application/controllers/Project.php 48
ERROR - 2016-07-21 08:25:16 --> Severity: Notice --> Undefined index: title /var/www/vhosts/cg/application/views/project/project_view.php 13
ERROR - 2016-07-21 08:25:16 --> Severity: Notice --> Undefined index: title /var/www/vhosts/cg/application/views/project/project_view.php 46
ERROR - 2016-07-21 08:25:16 --> Severity: Notice --> Undefined index: description /var/www/vhosts/cg/application/views/project/project_view.php 66
ERROR - 2016-07-21 08:25:16 --> Severity: Notice --> Undefined index: url_facebook /var/www/vhosts/cg/application/views/project/project_view.php 241
ERROR - 2016-07-21 08:25:16 --> Severity: Notice --> Undefined index: url_google /var/www/vhosts/cg/application/views/project/project_view.php 241
ERROR - 2016-07-21 08:25:16 --> Severity: Notice --> Undefined index: url_pinterest /var/www/vhosts/cg/application/views/project/project_view.php 241
ERROR - 2016-07-21 08:25:16 --> Severity: Notice --> Undefined index: url_twitter /var/www/vhosts/cg/application/views/project/project_view.php 241
ERROR - 2016-07-21 08:25:16 --> Severity: Notice --> Undefined index: url_instagram /var/www/vhosts/cg/application/views/project/project_view.php 241
ERROR - 2016-07-21 08:25:16 --> Severity: Notice --> Undefined index: goal /var/www/vhosts/cg/application/views/project/project_view.php 281
ERROR - 2016-07-21 17:16:24 --> 404 Page Not Found: Favicon-16x16png/index
ERROR - 2016-07-21 17:18:03 --> 404 Page Not Found: Favicon-16x16png/index
ERROR - 2016-07-21 08:50:05 --> Severity: Notice --> Undefined index: project_id /var/www/vhosts/cg/application/controllers/Project.php 39
ERROR - 2016-07-21 08:50:05 --> Severity: Notice --> Undefined index: project_id /var/www/vhosts/cg/application/controllers/Project.php 40
ERROR - 2016-07-21 08:50:05 --> Severity: Notice --> Undefined index: project_id /var/www/vhosts/cg/application/controllers/Project.php 41
ERROR - 2016-07-21 08:50:05 --> Severity: Notice --> Undefined index: project_id /var/www/vhosts/cg/application/controllers/Project.php 42
ERROR - 2016-07-21 08:50:05 --> Severity: Notice --> Undefined index: project_id /var/www/vhosts/cg/application/controllers/Project.php 43
ERROR - 2016-07-21 08:50:05 --> Severity: Warning --> Division by zero /var/www/vhosts/cg/application/models/Projects_model.php 131
ERROR - 2016-07-21 08:50:05 --> Severity: Notice --> Undefined index: project_id /var/www/vhosts/cg/application/controllers/Project.php 44
ERROR - 2016-07-21 08:50:05 --> Severity: Notice --> Undefined index: title /var/www/vhosts/cg/application/controllers/Project.php 48
ERROR - 2016-07-21 08:50:05 --> Severity: Notice --> Undefined index: title /var/www/vhosts/cg/application/views/project/project_view.php 13
ERROR - 2016-07-21 08:50:05 --> Severity: Notice --> Undefined index: title /var/www/vhosts/cg/application/views/project/project_view.php 46
ERROR - 2016-07-21 08:50:05 --> Severity: Notice --> Undefined index: description /var/www/vhosts/cg/application/views/project/project_view.php 66
ERROR - 2016-07-21 08:50:05 --> Severity: Notice --> Undefined index: url_facebook /var/www/vhosts/cg/application/views/project/project_view.php 241
ERROR - 2016-07-21 08:50:05 --> Severity: Notice --> Undefined index: url_google /var/www/vhosts/cg/application/views/project/project_view.php 241
ERROR - 2016-07-21 08:50:05 --> Severity: Notice --> Undefined index: url_pinterest /var/www/vhosts/cg/application/views/project/project_view.php 241
ERROR - 2016-07-21 08:50:05 --> Severity: Notice --> Undefined index: url_twitter /var/www/vhosts/cg/application/views/project/project_view.php 241
ERROR - 2016-07-21 08:50:05 --> Severity: Notice --> Undefined index: url_instagram /var/www/vhosts/cg/application/views/project/project_view.php 241
ERROR - 2016-07-21 08:50:05 --> Severity: Notice --> Undefined index: goal /var/www/vhosts/cg/application/views/project/project_view.php 281
ERROR - 2016-07-21 10:15:49 --> Severity: Notice --> Undefined variable: seconds_remaining /var/www/vhosts/cg/application/views/project/project_view.php 285
ERROR - 2016-07-21 10:16:40 --> Severity: Notice --> Undefined variable: seconds_remaining /var/www/vhosts/cg/application/views/project/project_view.php 286
ERROR - 2016-07-21 10:16:40 --> Severity: Notice --> Undefined variable: seconds_remaining /var/www/vhosts/cg/application/views/project/project_view.php 288
ERROR - 2016-07-21 10:17:48 --> Severity: Notice --> Undefined variable: seconds_remaining /var/www/vhosts/cg/application/views/project/project_view.php 286
ERROR - 2016-07-21 10:17:48 --> Severity: Notice --> Undefined variable: seconds_remaining /var/www/vhosts/cg/application/views/project/project_view.php 288
ERROR - 2016-07-21 10:17:52 --> Severity: Notice --> Undefined variable: seconds_remaining /var/www/vhosts/cg/application/views/project/project_view.php 286
ERROR - 2016-07-21 10:17:52 --> Severity: Notice --> Undefined variable: seconds_remaining /var/www/vhosts/cg/application/views/project/project_view.php 288
ERROR - 2016-07-21 10:19:25 --> Severity: Notice --> Undefined variable: seconds_remaining /var/www/vhosts/cg/application/views/project/project_view.php 286
ERROR - 2016-07-21 10:19:25 --> Severity: Notice --> Undefined variable: seconds_remaining /var/www/vhosts/cg/application/views/project/project_view.php 288
ERROR - 2016-07-21 10:20:03 --> Severity: Notice --> Undefined variable: seconds_remaining /var/www/vhosts/cg/application/views/project/project_view.php 286
ERROR - 2016-07-21 10:27:12 --> Severity: Parsing Error --> syntax error, unexpected 'if' (T_IF) /var/www/vhosts/cg/application/views/project/project_view.php 279
ERROR - 2016-07-21 10:36:04 --> Severity: Parsing Error --> syntax error, unexpected '<' /var/www/vhosts/cg/application/views/project/project_view.php 34
