ERROR - 2016-05-13 06:37:37 --> Severity: Warning --> error_log(../application/controllers/ipn.log): failed to open stream: Permission denied /var/www/html/application/controllers/Checkout.php 148
ERROR - 2016-05-13 06:37:37 --> Severity: Warning --> error_log(../application/controllers/ipn.log): failed to open stream: Permission denied /var/www/html/application/controllers/Checkout.php 149
ERROR - 2016-05-13 06:37:37 --> Query error: Table 'cgstarter.orders' doesn't exist - Invalid query: UPDATE `orders` SET `order_ref` = '100000058', `payment_auth_code` = '', `order_status` = 'payment confirmed', `order_date` = '2016-05-13 06:37:37', `order_total` = '500.00'
WHERE `order_ref` = '100000058'
ERROR - 2016-05-13 06:38:32 --> Severity: Warning --> error_log(../application/controllers/ipn.log): failed to open stream: Permission denied /var/www/html/application/controllers/Checkout.php 148
ERROR - 2016-05-13 06:38:32 --> Severity: Warning --> error_log(../application/controllers/ipn.log): failed to open stream: Permission denied /var/www/html/application/controllers/Checkout.php 149
ERROR - 2016-05-13 06:38:32 --> Query error: Table 'cgstarter.orders' doesn't exist - Invalid query: UPDATE `orders` SET `order_ref` = '100000058', `payment_auth_code` = '', `order_status` = 'payment confirmed', `order_date` = '2016-05-13 06:38:32', `order_total` = '500.00'
WHERE `order_ref` = '100000058'
ERROR - 2016-05-13 06:42:43 --> Severity: Warning --> error_log(../application/controllers/ipn.log): failed to open stream: Permission denied /var/www/html/application/controllers/Checkout.php 148
ERROR - 2016-05-13 06:42:43 --> Severity: Warning --> error_log(../application/controllers/ipn.log): failed to open stream: Permission denied /var/www/html/application/controllers/Checkout.php 149
ERROR - 2016-05-13 06:42:43 --> Query error: Table 'cgstarter.Orders' doesn't exist - Invalid query: SELECT `project_title`, `project_id`, `reward_id`, `reward_cost`, `reward_title`
FROM `Orders`
JOIN `order_items` ON `Orders`.`order_id` = `order_items`.`order_id`
WHERE `Orders`.`order_ref` = '100000058'
ERROR - 2016-05-13 06:43:23 --> Query error: Table 'cgstarter.Orders' doesn't exist - Invalid query: SELECT `project_title`, `project_id`, `reward_id`, `reward_cost`, `reward_title`
FROM `Orders`
JOIN `order_items` ON `Orders`.`order_id` = `order_items`.`order_id`
WHERE `Orders`.`order_ref` = '100000058'
ERROR - 2016-05-13 06:44:17 --> Query error: Table 'cgstarter.Orders' doesn't exist - Invalid query: SELECT `project_title`, `project_id`, `reward_id`, `reward_cost`, `reward_title`
FROM `Orders`
JOIN `order_items` ON `Orders`.`order_id` = `order_items`.`order_id`
WHERE `orders`.`order_ref` = '100000058'
ERROR - 2016-05-13 06:44:51 --> Query error: Table 'cgstarter.Orders' doesn't exist - Invalid query: SELECT `project_title`, `project_id`, `reward_id`, `reward_cost`, `reward_title`
FROM `Orders`
JOIN `order_items` ON `orders`.`order_id` = `order_items`.`order_id`
WHERE `orders`.`order_ref` = '100000058'
ERROR - 2016-05-13 06:45:20 --> Severity: Notice --> Undefined index: qty /var/www/html/application/controllers/Checkout.php 320
ERROR - 2016-05-13 06:45:20 --> Severity: Notice --> Undefined index: price /var/www/html/application/controllers/Checkout.php 321
ERROR - 2016-05-13 06:45:20 --> Severity: Notice --> Undefined index: price /var/www/html/application/controllers/Checkout.php 322
ERROR - 2016-05-13 06:45:20 --> Severity: Warning --> Cannot modify header information - headers already sent by (output started at /var/www/html/application/controllers/Checkout.php:322) /var/www/html/system/core/Common.php 573
ERROR - 2016-05-13 06:45:20 --> Severity: Error --> Unsupported operand types /var/www/html/application/controllers/Checkout.php 322
ERROR - 2016-05-13 06:50:52 --> Severity: Notice --> Undefined property: Checkout::$cart_model /var/www/html/application/controllers/Checkout.php 16
ERROR - 2016-05-13 06:50:52 --> Severity: Error --> Call to a member function contents() on a non-object /var/www/html/application/controllers/Checkout.php 16
ERROR - 2016-05-13 06:51:14 --> Severity: Notice --> Undefined property: Checkout::$cart_model /var/www/html/application/controllers/Checkout.php 16
ERROR - 2016-05-13 06:51:14 --> Severity: Error --> Call to a member function contents() on a non-object /var/www/html/application/controllers/Checkout.php 16
ERROR - 2016-05-13 06:51:25 --> Severity: Notice --> Undefined property: Checkout::$cart_model /var/www/html/application/controllers/Checkout.php 16
ERROR - 2016-05-13 06:51:25 --> Severity: Error --> Call to a member function contents() on a non-object /var/www/html/application/controllers/Checkout.php 16
ERROR - 2016-05-13 06:53:08 --> Severity: Notice --> Undefined index: qty /var/www/html/application/controllers/Checkout.php 320
ERROR - 2016-05-13 06:53:08 --> Severity: Notice --> Undefined index: price /var/www/html/application/controllers/Checkout.php 321
ERROR - 2016-05-13 06:53:08 --> Severity: Notice --> Undefined index: price /var/www/html/application/controllers/Checkout.php 322
ERROR - 2016-05-13 06:53:08 --> Severity: Warning --> Cannot modify header information - headers already sent by (output started at /var/www/html/application/controllers/Checkout.php:322) /var/www/html/system/core/Common.php 573
ERROR - 2016-05-13 06:53:09 --> Severity: Error --> Unsupported operand types /var/www/html/application/controllers/Checkout.php 322
ERROR - 2016-05-13 06:54:15 --> Severity: Notice --> Undefined index: qty /var/www/html/application/controllers/Checkout.php 320
ERROR - 2016-05-13 06:54:15 --> Severity: Notice --> Undefined index: price /var/www/html/application/controllers/Checkout.php 321
ERROR - 2016-05-13 06:54:15 --> Severity: Notice --> Undefined index: price /var/www/html/application/controllers/Checkout.php 322
ERROR - 2016-05-13 06:54:15 --> Severity: Warning --> Cannot modify header information - headers already sent by (output started at /var/www/html/application/controllers/Checkout.php:322) /var/www/html/system/core/Common.php 573
ERROR - 2016-05-13 06:54:15 --> Severity: Error --> Unsupported operand types /var/www/html/application/controllers/Checkout.php 322
ERROR - 2016-05-13 06:55:38 --> Severity: Notice --> Undefined index: price /var/www/html/application/controllers/Checkout.php 321
ERROR - 2016-05-13 06:55:38 --> Severity: Notice --> Undefined index: price /var/www/html/application/controllers/Checkout.php 322
ERROR - 2016-05-13 06:55:38 --> Severity: Error --> Unsupported operand types /var/www/html/application/controllers/Checkout.php 322
ERROR - 2016-05-13 06:56:07 --> Severity: Notice --> Undefined index: price /var/www/html/application/controllers/Checkout.php 323
ERROR - 2016-05-13 06:56:07 --> Severity: Notice --> Undefined index: price /var/www/html/application/controllers/Checkout.php 324
ERROR - 2016-05-13 06:56:07 --> Severity: Warning --> Cannot modify header information - headers already sent by (output started at /var/www/html/application/controllers/Checkout.php:324) /var/www/html/system/core/Common.php 573
ERROR - 2016-05-13 06:56:07 --> Severity: Error --> Unsupported operand types /var/www/html/application/controllers/Checkout.php 324
ERROR - 2016-05-13 06:56:26 --> Severity: Error --> Unsupported operand types /var/www/html/application/controllers/Checkout.php 324
